Case #1:
GGG
CCC
JJJ
Case #2:
CODE
JJAM
JJAM
Case #3:
CA
KE
Case #4:
VVVVVVVVVVVVVVYYYYYYYYYYY
VVVVVVVVVVVVVVPQRTTTTTTTT
VVVVVVVVVVVVVVCQRTTTTTTTT
VVVVVVVVVVVVVVCQRTTTTTTTT
AADDDDDDDDDDDDCQHHHHHHHHH
AADDDDDDDDDDDDCQHHHHHHHHH
AAUXXKKFFFFFLOCQHHHHHHHHH
AAUXXKKFFFFFLOCQHHHHHHHHH
AAUXXBIFFFFFSOCQHHHHHHHHH
AAUXXBIFFFFFSOCQHHHHHHHHH
AAUXXBIFFFFFSOCQHHHHHHHHH
AAUXXBIFFFFFSOCQEEEEEEMMM
AAUXXBIFFFFFSOCQEEEEEEGGG
AAUXXBIFFFFFSOCQEEEEEEGGG
AAUXXBIFFFFFSOCQEEEEEENNN
AAWXXBIFFFFFSOCQEEEEEENNN
AAWXXBIFFFFFSOCQEEEEEENNN
AAWXXBIFFFFFSOCQEEEEEENNN
AAWXXBIFFFFFSOCQEEEEEENNN
AAWXXBIFFFFFSOCQEEEEEENNN
AAWXXBIFFFFFSOCQEEEEEENNN
ZZWXXBIFFFFFSOCQEEEEEENNN
ZZWXXBIFFFFFSOCQEEEEEENNN
ZZWXXBIFFFFFSOCQEEEEEENNN
ZZWXXBIFFFFFJJJQEEEEEENNN
Case #5:
XXXXXQQKKKKKKKKOOVVVVVVVV
XXXXXQQKKKKKKKKOOVVVVVVVV
XXXXXQQMMMMMMMMOOVVVVVVVV
YYYYTQQMMMMMMMMOOVVVVVVVV
YYYYUQQMMMMMMMMOOVVVVVVVV
YYYYUQQMMMMMMMMOOVVVVVVVV
YYYYUQQMMMMMMMMOOVVVVVVVV
YYYYUQQMMMMMMMMCCCSSDDPAA
YYYYUQQFFFFFFFFFFFSSDDBAA
YYYYUQQFFFFFFFFFFFSSDDBAA
YYYYUQQFFFFFFFFFFFSSDDBAA
YYYYUQQFFFFFFFFFFFSSDDBAA
YYYYUQQZZZZZZZZZZZSSDDBAA
YYYYUQQZZZZZZZZZZZSSDDBAA
YYYYUQQHHHHHHHHHHHSSDDBAA
YYYYUQQHHHHHHHHHHHSSDDBNN
YYYYUQQHHHHHHHHHHHSSDDBNN
YYYYUQQIIIIGGGGGGWSSDDBNN
YYYYUQQIIIIGGGGGGWSSDDBNN
JJJJUQQIIIIGGGGGGWSSDDBNN
JJJJUQQIIIIGGGGGGWSSDDBNN
JJJJUQQIIIIGGGGGGWSSDDBNN
JJJJUQQIIIIGGGGGGWSSDDBNN
JJJJUQQIIIIGGGGGGWSSDDBNN
REEEUQQIIIILLLLLLLSSDDBNN
Case #6:
NVVVYYWXXJJJJJJJJJJJJJJJJ
LZIQQCUSSSSSSSSSSSSSSSSSS
KZIQQRFSSSSSSSSSSSSSSSSSS
AZHHBBGSSSSSSSSSSSSSSSSSS
AZOEBBGSSSSSSSSSSSSSSSSSS
APOEBBGSSSSSSSSSSSSSSSSSS
ATMEBBGSSSSSSSSSSSSSSSSSS
ATDDDDDSSSSSSSSSSSSSSSSSS
ATDDDDDSSSSSSSSSSSSSSSSSS
ATDDDDDSSSSSSSSSSSSSSSSSS
ATDDDDDSSSSSSSSSSSSSSSSSS
ATDDDDDSSSSSSSSSSSSSSSSSS
ATDDDDDSSSSSSSSSSSSSSSSSS
ATDDDDDSSSSSSSSSSSSSSSSSS
ATDDDDDSSSSSSSSSSSSSSSSSS
ATDDDDDSSSSSSSSSSSSSSSSSS
ATDDDDDSSSSSSSSSSSSSSSSSS
ATDDDDDSSSSSSSSSSSSSSSSSS
ATDDDDDSSSSSSSSSSSSSSSSSS
ATDDDDDSSSSSSSSSSSSSSSSSS
ATDDDDDSSSSSSSSSSSSSSSSSS
ATDDDDDSSSSSSSSSSSSSSSSSS
ATDDDDDSSSSSSSSSSSSSSSSSS
ATDDDDDSSSSSSSSSSSSSSSSSS
ATDDDDDSSSSSSSSSSSSSSSSSS
Case #7:
AA
Case #8:
BBFECCMJJGLIIKAHHHHHHDDDD
Case #9:
XXXXBBBRUUUUUUUUUUUUWWWWW
XXXXBBBSSSSSZZQQQNNNWWWWW
XXXXBBBSSSSSZZQQQNNNWWWWW
XXXXBBBSSSSSZZQQQNNNWWWWW
XXXXBBBSSSSSZZQQQNNNWWWWW
XXXXVVESSSSSZZQQQNNNWWWWW
XXXXVVESSSSSZZQQQNNNWWWWW
XXXXVVHSSSSSZZQQQNNNWWWWW
XXXXVVHSSSSSZZQQQNNNWWWWW
XXXXVVHSSSSSZZMMDDDDDDOCC
XXXXVVHSSSSSZZMMDDDDDDOCC
AAAAALHFFFFFZZMMDDDDDDOCC
AAAAATHFFFFFZZMMDDDDDDOCC
AAAAATHFFFFFZZMMDDDDDDOCC
AAAAATHFFFFFZZMMDDDDDDOCC
AAAAATHFFFFFZZMMDDDDDDOCC
AAAAATHFFFFFZZMMDDDDDDOCC
AAAAATHFFFFFZZMMDDDDDDOCC
YKKKKTHFFFFFZZMMDDDDDDOPP
YJJJJJHFFFFFZZMMDDDDDDOII
YJJJJJHFFFFFZZMMDDDDDDOII
YJJJJJHFFFFFZZMMDDDDDDOII
YGGGGGGGGGGGZZMMDDDDDDOII
YGGGGGGGGGGGZZMMDDDDDDOII
YGGGGGGGGGGGZZMMDDDDDDOII
Case #10:
CD
BA
Case #11:
UUUJHXXXXXXXXXXXWWWMNEEEE
UUUJHXXXXXXXXXXXWWWMNEEEE
UUUJHXXXXXXXXXXXWWWMNEEEE
UUUJHXXXXXXXXXXXWWWMNEEEE
UUUJZZZZZZZZZZZZWWWMNEEEE
UUUJZZZZZZZZZZZZWWWMNEEEE
UUUJZZZZZZZZZZZZWWWMNEEEE
UUUJZZZZZZZZZZZZWWWMNEEEE
UUUJZZZZZZZZZZZZWWWMNEEEE
BBBBBBBBBBBBBBBGWWWMNEEEE
CCCFDDDDDDDDDDDDWWWMNEEEE
CCCFDDDDDDDDDDDDWWWMNEEEE
CCCQQQQQQQQQQQQQWWWMNEEEE
CCCQQQQQQQQQQQQQWWWMNEEEE
CCCRRRRRRKKKKKKKWWWMNEEEE
CCCRRRRRRKKKKKKKWWWMNEEEE
CCCYITTTTKKKKKKKWWWMNEEEE
CCCYITTTTKKKKKKKWWWMNEEEE
CCCYITTTTKKKKKKKWWWMNEEEE
CCCYVVVVLKKKKKKKWWWPPPOOO
CCCYVVVVLAAAAAAAAAAPPPOOO
CCCYVVVVLAAAAAAAAAAPPPOOO
CCCYVVVVSSSSSSSSSSSPPPOOO
CCCYVVVVSSSSSSSSSSSPPPOOO
CCCYVVVVSSSSSSSSSSSPPPOOO
Case #12:
WWWWWWWWLLGGYVVVVVVVBBBBB
WWWWWWWWQQGGYVVVVVVVBBBBB
WWWWWWWWQQGGYVVVVVVVBBBBB
OMMDDCCCQQGGYVVVVVVVBBBBB
FFFDDHIIQQGGYVVVVVVVBBBBB
FFFDDHXXQQGGYVVVVVVVBBBBB
FFFDDHXXQQGGYVVVVVVVTTTTT
FFFDDHXXQQGGYVVVVVVVTTTTT
FFFDDHXXQQGGYVVVVVVVAAAAN
FFFDDHXXQQGGYVVVVVVVAAAAN
FFFDDHXXQQGGYVVVVVVVAAAAN
FFFDDHXXQQGGYVVVVVVVAAAAN
FFFDDHXXEEGGUUUUUUUUAAAAN
FFFDDHXXEEGGRRRRRRRRAAAAN
FFFDDHXXEEGGRRRRRRRRAAAAN
FFFDDHXXJJJJJJJJJJJJAAAAN
FFFDDHXXJJJJJJJJJJJJAAAAN
FFFDDHXXJJJJJJJJJJJJAAAAN
FFFDDHXXJJJJJJJJJJJJAAAAN
FFFDDHXXJJJJJJJJJJJJAAAAN
FFFPPHZZZZZZZZZZZZZZAAAAN
FFFSSSZZZZZZZZZZZZZZAAAAN
FFFSSSZZZZZZZZZZZZZZAAAAN
FFFSSSZZZZZZZZZZZZZZAAAAN
KKKSSSZZZZZZZZZZZZZZAAAAN
Case #13:
ABCDEFGHIJKLMNOPQRSTUVWXY
ABCDEFGHIJKLMNOPQRSTUVWXY
ABCDEFGHIJKLMNOPQRSTUVWXY
ABCDEFGHIJKLMNOPQRSTUVWXY
ABCDEFGHIJKLMNOPQRSTUVWXY
ABCDEFGHIJKLMNOPQRSTUVWXY
ABCDEFGHIJKLMNOPQRSTUVWXY
ABCDEFGHIJKLMNOPQRSTUVWXY
ABCDEFGHIJKLMNOPQRSTUVWXY
ABCDEFGHIJKLMNOPQRSTUVWXY
ABCDEFGHIJKLMNOPQRSTUVWXY
ABCDEFGHIJKLMNOPQRSTUVWXY
ABCDEFGHIJKLMNOPQRSTUVWXY
ABCDEFGHIJKLMNOPQRSTUVWXY
ABCDEFGHIJKLMNOPQRSTUVWXY
ABCDEFGHIJKLMNOPQRSTUVWXY
ABCDEFGHIJKLMNOPQRSTUVWXY
ABCDEFGHIJKLMNOPQRSTUVWXY
ABCDEFGHIJKLMNOPQRSTUVWXY
ABCDEFGHIJKLMNOPQRSTUVWXY
ABCDEFGHIJKLMNOPQRSTUVWXY
ABCDEFGHIJKLMNOPQRSTUVWXY
ABCDEFGHIJKLMNOPQRSTUVWXY
ABCDEFGHIJKLMNOPQRSTUVWXY
ABCDEFGHIJKLMNOPQRSTUVWXY
Case #14:
XXXXBBBBBBSSSSSSPNNNNNNNN
XXXXOOOGGESSSSSSPNNNNNNNN
XXXXOOOGGESSSSSSPNNNNNNNN
XXXXOOOGGESSSSSSP?YYYYYYR
XXXXOOOGGESSSSSSLLYYYYYYR
XXXXOOOGGESSSSSSUUYYYYYYR
XXXXOOOGGESSSSSSUUYYYYYYR
XXXXOOOGGESSSSSSUUYYYYYYR
XXXXOOOGGAAAAAAAUUYYYYYYR
XXXXOOOGGDDDDDDDUUYYYYYYR
XXXXOOOGGCCZZZVVVVVVVVVVV
XXXXOOOGGCCMMTVVVVVVVVVVV
XXXXOOOIICCMMTVVVVVVVVVVV
XXXXOOOJJCCMMTVVVVVVVVVVV
XXXXOOOJJCCMMTVVVVVVVVVVV
XXXXOOOJJCCMMTVVVVVVVVVVV
FFWWOOOJJQQQQQVVVVVVVVVVV
FFWWOOOJJQQQQQVVVVVVVVVVV
FFWWOOOJJQQQQQKKKKKKKKKKK
FFWWOOOJJQQQQQKKKKKKKKKKK
FFWWOOOJJQQQQQKKKKKKKKKKK
FFWWOOOJJQQQQQKKKKKKKKKKK
FFWWOOOJJQQQQQKKKKKKKKKKK
FFWWOOOJJHHHHHKKKKKKKKKKK
FFWWOOOJJHHHHHKKKKKKKKKKK
Case #15:
NNNNNNNNNNNNNNNNNNNNNNNNN
NNNNNNNNNNNNNNNNNNNNNNNNN
NNNNNNNNNNNNNNNNNNNNNNNNN
NNNNNNNNNNNNNNNNNNNNNNNNN
NNNNNNNNNNNNNNNNNNNNNNNNN
NNNNNNNNNNNNNNNNNNNNNNNNN
NNNNNNNNNNNNNNNNNNNNNNNNN
NNNNNNNNNNNNNNNNNNNNNNNNN
NNNNNNNNNNNNNNNNNNNNNNNNN
NNNNNNNNNNNNNNNNNNNNNNNNN
NNNNNNNNNNNNNNNNNNNNNNNNN
NNNNNNNNNNNNNNNNNNNNNNNNN
NNNNNNNNNNNNNNNNNNNNNNNNN
NNNNNNNNNNNNNNNNNNNNNNNNN
NNNNNNNNNNNNNNNNNNNNNNNNN
NNNNNNNNNNNNNNNNNNNNNNNNN
NNNNNNNNNNNNNNNNNNNNNNNNN
NNNNNNNNNNNNNNNNNNNNNNNNN
GGGGGGGGGGGGGGGGGJJADDDDD
GGGGGGGGGGGGGGGGGUUADDDDD
GGGGGGGGGGGGGGGGGRRAYQQQQ
BBBBBBBBBBBBBBBBBBBBSKHHH
FFFFFFFFFFFFFFFOOOOCSXXXX
FFFFFFFFFFFFFFFMPWWCZEEEE
VVVVVVVVVVVVVVVVITTLZEEEE
Case #16:
VVVVVVVVVVVVVVVVVVVVVVVVV
VVVVVVVVVVVVVVVVVVVVVVVVV
FFFFFFFFFFXXXXXXXXXXBGGGI
FFFFFFFFFFXXXXXXXXXXBGGGN
FFFFFFFFFFXXXXXXXXXXBGGGN
EWWPUUUUUUXXXXXXXXXXBGGGN
EWWCCOOOOOXXXXXXXXXXBGGGN
EWWCCOOOOOXXXXXXXXXXBGGGN
EWWCCOOOOOTMMRRRDDDDBGGGN
EWWCCOOOOOTMMQQQDDDDBGGGN
EWWCCOOOOOTMMQQQDDDDBGGGN
EWWSSOOOOOTHHQQQDDDDBGGGN
EWWSSOOOOOTHHQQQDDDDBGGGN
EWWSSOOOOOTHHQQQDDDDBGGGN
EWWSSOOOOOTHHQQQDDDDBGGGN
EWWSSOOOOOTHHQQQDDDDBGGGN
EWWSSOOOOOTHHQQQDDDDBGGGN
EWWKKOOOOOTHHQQQDDDDBGGGN
EWWKKOOOOOTHHQQQDDDDBGGGN
EWWKKLYYYYTHHQQQDDDDBGGGN
EWWKKLYYYYTHHQQQDDDDBGGGN
EWWKKJJJJJTHHQQQZZZZBGGGN
EWWKKJJJJJTHHQQQZZZZBGGGN
EWWKKJJJJJTHHQQQZZZZBGGGN
AAAAAAAAAAAAAAAAAAAAAAAAN
Case #17:
AAAAAAAAAAAAAAMJFFFFFFFFF
AAAAAAAAAAAAAAMJFFFFFFFFF
AAAAAAAAAAAAAAMJFFFFFFFFF
AAAAAAAAAAAAAAMJFFFFFFFFF
AAAAAAAAAAAAAAMJFFFFFFFFF
AAAAAAAAAAAAAAMJFFFFFFFFF
AAAAAAAAAAAAAAMJFFFFFFFFF
AAAAAAAAAAAAAAMJFFFFFFFFF
AAAAAAAAAAAAAAMJFFFFFFFFF
AAAAAAAAAAAAAAMJFFFFFFFFF
AAAAAAAAAAAAAAMJFFFFFFFFF
AAAAAAAAAAAAAAMJFFFFFFFFF
AAAAAAAAAAAAAAMJFFFFFFFFF
AAAAAAAAAAAAAAMJFFFFFFFFF
AAAAAAAAAAAAAAMJFFFFFFFFF
XXXXXXXXXXXXXXDDFFFFFFFFF
QQQQQQQQQQQQQQDDHYYPPKKKK
UUUUUUUUUUUUGRDDHYYVVKKKK
UUUUUUUUUUUUOWWWWWWVVKKKK
UUUUUUUUUUUUOWWWWWWVVKKKK
UUUUUUUUUUUUBCSSSSNVVKKKK
UUUUUUUUUUUUBTSSSSEVVKKKK
LLLLLLLLLLLLBTSSSSEVVKKKK
ZZZZZZZZZZZZBTIIIIEVVKKKK
ZZZZZZZZZZZZBTIIIIEVVKKKK
Case #18:
AAAAAAAAACCCCCCJJJJGGGGGG
AAAAAAAAACCCCCCJJJJGGGGGG
AAAAAAAAACCCCCCJJJJGGGGGG
AAAAAAAAACCCCCCJJJJGGGGGG
AAAAAAAAACCCCCCJJJJGGGGGG
AAAAAAAAACCCCCCJJJJGGGGGG
BBBBBBBBBBDEFFFJJJJGGGGGG
BBBBBBBBBBDEFFFJJJJGGGGGG
BBBBBBBBBBDEFFFJJJJGGGGGG
BBBBBBBBBBDEFFFJJJJGGGGGG
BBBBBBBBBBDEFFFJJJJGGGGGG
BBBBBBBBBBDEFFFJJJJGGGGGG
BBBBBBBBBBDEFFFJJJJGGGGGG
BBBBBBBBBBDEFFFJJJJGGGGGG
BBBBBBBBBBDEFFFJJJJGGGGGG
BBBBBBBBBBDEFFFJJJJGGGGGG
BBBBBBBBBBDEFFFJJJJGGGGGG
BBBBBBBBBBDEFFFJJJJGGGGGG
BBBBBBBBBBDEFFFJJJJGGGGGG
BBBBBBBBBBDEFFFJJJJGGGGGG
BBBBBBBBBBDEFFFJJJJGGGGGG
BBBBBBBBBBHHHHHJJJJGGGGGG
BBBBBBBBBBHHHHHJJJJIIIIII
BBBBBBBBBBHHHHHJJJJIIIIII
BBBBBBBBBBHHHHHJJJJIIIIII
Case #19:
QQQQQQQQQQQQQQQQSSGKFFFFF
QQQQQQQQQQQQQQQQSSGKFFFFF
QQQQQQQQQQQQQQQQSSGKFFFFF
QQQQQQQQQQQQQQQQSSGKFFFFF
QQQQQQQQQQQQQQQQSSGKFFFFF
QQQQQQQQQQQQQQQQSSGKFFFFF
QQQQQQQQQQQQQQQQSSGKFFFFF
QQQQQQQQQQQQQQQQSSGKFFFFF
QQQQQQQQQQQQQQQQSSGKFFFFF
QQQQQQQQQQQQQQQQSSGKFFFFF
QQQQQQQQQQQQQQQQSSGKFFFFF
QQQQQQQQQQQQQQQQSSGKFFFFF
QQQQQQQQQQQQQQQQSSGKFFFFF
QQQQQQQQQQQQQQQQSSGKFFFFF
QQQQQQQQQQQQQQQQSSVKFFFFF
QQQQQQQQQQQQQQQQSSVKFFFFF
QQQQQQQQQQQQQQQQSSVKFFFFF
QQQQQQQQQQQQQQQQSSVKFFFFF
QQQQQQQQQQQQQQQQSSVKFFFFF
QQQQQQQQQQQQQQQQSSCKFFFFF
QQQQQQQQQQQQQQQQUUAOOOOYY
WWWWWWWWWWWXXDDMBBBBBHEYY
ZZZZZZZZZZLXXDDTBBBBBHIYY
JJJJJJJJJJJJRDDTBBBBBNNPP
JJJJJJJJJJJJRDDTBBBBBNNPP
Case #20:
AB
AB
Case #21:
XXXXIYNSSSSSSSSSSSSSSSSSS
XXXXIYNSSSSSSSSSSSSSSSSSS
XXXXIYNSSSSSSSSSSSSSSSSSS
XXXXIYNSSSSSSSSSSSSSSSSSS
XXXXIYNSSSSSSSSSSSSSSSSSS
XXXXIYNSSSSSSSSSSSSSSSSSS
XXXXIYDDWEZZZZZZZZZZZZZZZ
XXXXIYAAAAZZZZZZZZZZZZZZZ
XXXXIYAAAAPVBHKKKKKKKKKKK
XXXXIYAAAAPVBHKKKKKKKKKKK
FFFFFYAAAAPVBHKKKKKKKKKKK
FFFFFYAAAAPVBHKKKKKKKKKKK
FFFFFYRTOGGVBHKKKKKKKKKKK
FFFFFCCTOJJVLHKKKKKKKKKKK
QQQQQQQQMMMMMMMMMMMMMMMMM
QQQQQQQQUUUUUUUUUUUUUUUUU
QQQQQQQQUUUUUUUUUUUUUUUUU
QQQQQQQQUUUUUUUUUUUUUUUUU
QQQQQQQQUUUUUUUUUUUUUUUUU
QQQQQQQQUUUUUUUUUUUUUUUUU
QQQQQQQQUUUUUUUUUUUUUUUUU
QQQQQQQQUUUUUUUUUUUUUUUUU
QQQQQQQQUUUUUUUUUUUUUUUUU
QQQQQQQQUUUUUUUUUUUUUUUUU
QQQQQQQQUUUUUUUUUUUUUUUUU
Case #22:
ABCDEFGHIJKLMNOPQRSTUVWXY
ABCDEFGHIJKLMNOPQRSTUVWXY
ABCDEFGHIJKLMNOPQRSTUVWXY
ABCDEFGHIJKLMNOPQRSTUVWXY
ABCDEFGHIJKLMNOPQRSTUVWXY
ABCDEFGHIJKLMNOPQRSTUVWXY
ABCDEFGHIJKLMNOPQRSTUVWXY
ABCDEFGHIJKLMNOPQRSTUVWXY
ABCDEFGHIJKLMNOPQRSTUVWXY
ABCDEFGHIJKLMNOPQRSTUVWXY
ABCDEFGHIJKLMNOPQRSTUVWXY
ABCDEFGHIJKLMNOPQRSTUVWXY
ABCDEFGHIJKLMNOPQRSTUVWXY
ABCDEFGHIJKLMNOPQRSTUVWXY
ABCDEFGHIJKLMNOPQRSTUVWXY
ABCDEFGHIJKLMNOPQRSTUVWXY
ABCDEFGHIJKLMNOPQRSTUVWXY
ABCDEFGHIJKLMNOPQRSTUVWXY
ABCDEFGHIJKLMNOPQRSTUVWXY
ABCDEFGHIJKLMNOPQRSTUVWXY
ABCDEFGHIJKLMNOPQRSTUVWXY
ABCDEFGHIJKLMNOPQRSTUVWXY
ABCDEFGHIJKLMNOPQRSTUVWXY
ABCDEFGHIJKLMNOPQRSTUVWXY
ABCDEFGHIJKLMNOPQRSTUVWXY
Case #23:
AAAAAAAAAAAAAABBBBBBBBBBB
AAAAAAAAAAAAAABBBBBBBBBBB
AAAAAAAAAAAAAABBBBBBBBBBB
AAAAAAAAAAAAAABBBBBBBBBBB
AAAAAAAAAAAAAABBBBBBBBBBB
AAAAAAAAAAAAAABBBBBBBBBBB
AAAAAAAAAAAAAABBBBBBBBBBB
AAAAAAAAAAAAAABBBBBBBBBBB
AAAAAAAAAAAAAABBBBBBBBBBB
AAAAAAAAAAAAAABBBBBBBBBBB
AAAAAAAAAAAAAABBBBBBBBBBB
AAAAAAAAAAAAAABBBBBBBBBBB
AAAAAAAAAAAAAABBBBBBBBBBB
AAAAAAAAAAAAAABBBBBBBBBBB
AAAAAAAAAAAAAABBBBBBBBBBB
AAAAAAAAAAAAAABBBBBBBBBBB
AAAAAAAAAAAAAABBBBBBBBBBB
AAAAAAAAAAAAAABBBBBBBBBBB
AAAAAAAAAAAAAABBBBBBBBBBB
AAAAAAAAAAAAAABBBBBBBBBBB
AAAAAAAAAAAAAABBBBBBBBBBB
AAAAAAAAAAAAAABBBBBBBBBBB
CCCCCCCCCCCCCCBBBBBBBBBBB
CCCCCCCCCCCCCCEDDDDDDDDDD
CCCCCCCCCCCCCCEDDDDDDDDDD
Case #24:
SSSSDDDDDDDDDDDDDWWWWFFFF
SSSSDDDDDDDDDDDDDWWWWFFFF
SSSSDDDDDDDDDDDDDWWWWFFFF
SSSSDDDDDDDDDDDDDWWWWFFFF
SSSSDDDDDDDDDDDDDWWWWFFFF
SSSSOOOOYYIIMMEZNWWWWFFFF
SSSSOOOOYYIILTEZNWWWWPXXX
SSSSOOOOYYIILTEZNWWWWPXXX
SSSSOOOOYYIILTEZNWWWWPXXX
SSSSOOOOYYBBBTEZNWWWWAXXX
SSSSOOOOYYBBBTEZNWWWWAXXX
UUCCOOOOYYBBBTEZNWWWWAXXX
UUCCOOOOYYBBBTEZNWWWWAXXX
UUCCOOOOYYBBBJJZNWWWWAXXX
UUHGGGGGYYBBBQQZNWWWWAXXX
UUHGGGGGYYBBBQQZNWWWWAXXX
UUHGGGGGYYBBBQQZNWWWWAXXX
UUHGGGGGYYBBBQQZNWWWWAXXX
UUHGGGGGYYBBBQQZNWWWWAXXX
UUHGGGGGYYBBBQQZNWWWWAXXX
UUHGGGGGYYBBBQQZNWWWWAXXX
UUHRRRRRYYBBBQQZNWWWWAXXX
VVVVVVVVVVVVVQQZNWWWWAXXX
VVVVVVVVVVVVVQQZNWWWWAXXX
VVVVVVVVVVVVVQQZNWWWWAKKK
Case #25:
QQQQQQQQQQQQQQQQQQEEEXXXX
QQQQQQQQQQQQQQQQQQIRRXXXX
QQQQQQQQQQQQQQQQQQURRXXXX
QQQQQQQQQQQQQQQQQQUAPXXXX
QQQQQQQQQQQQQQQQQQUAPXXXX
CCCCCCCCCCCCCCCHDDJVSXXXX
CCCCCCCCCCCCCCCHDDJVSXXXX
CCCCCCCCCCCCCCCHDDJVSZZYY
NNNNNNNNNNNNNNNHDDJVSGBBB
NNNNNNNNNNNNNNNHDDJVSGBBB
NNNNNNNNNNNNNNNHFMMTSLKKW
NNNNNNNNNNNNNNNHFMMOOOOOO
NNNNNNNNNNNNNNNHFMMOOOOOO
NNNNNNNNNNNNNNNHFMMOOOOOO
NNNNNNNNNNNNNNNHFMMOOOOOO
NNNNNNNNNNNNNNNHFMMOOOOOO
NNNNNNNNNNNNNNNHFMMOOOOOO
NNNNNNNNNNNNNNNHFMMOOOOOO
NNNNNNNNNNNNNNNHFMMOOOOOO
NNNNNNNNNNNNNNNHFMMOOOOOO
NNNNNNNNNNNNNNNHFMMOOOOOO
NNNNNNNNNNNNNNNHFMMOOOOOO
NNNNNNNNNNNNNNNHFMMOOOOOO
NNNNNNNNNNNNNNNHFMMOOOOOO
NNNNNNNNNNNNNNNHFMMOOOOOO
Case #26:
AAAAAAAAAAAAAAAAAAAAAAAAA
BBBBBBBBBBBBBBBBBBBBBBBBB
CCCCCCCCCCCCCCCCCCCCCCCCC
DDDDDDDDDDDDDDDDDDDDDDDDD
EEEEEEEEEEEEEEEEEEEEEEEEE
FFFFFFFFFFFFFFFFFFFFFFFFF
GGGGGGGGGGGGGGGGGGGGGGGGG
HHHHHHHHHHHHHHHHHHHHHHHHH
IIIIIIIIIIIIIIIIIIIIIIIII
JJJJJJJJJJJJJJJJJJJJJJJJJ
KKKKKKKKKKKKKKKKKKKKKKKKK
LLLLLLLLLLLLLLLLLLLLLLLLL
MMMMMMMMMMMMMMMMMMMMMMMMM
NNNNNNNNNNNNNNNNNNNNNNNNN
OOOOOOOOOOOOOOOOOOOOOOOOO
PPPPPPPPPPPPPPPPPPPPPPPPP
QQQQQQQQQQQQQQQQQQQQQQQQQ
RRRRRRRRRRRRRRRRRRRRRRRRR
SSSSSSSSSSSSSSSSSSSSSSSSS
TTTTTTTTTTTTTTTTTTTTTTTTT
UUUUUUUUUUUUUUUUUUUUUUUUU
VVVVVVVVVVVVVVVVVVVVVVVVV
WWWWWWWWWWWWWWWWWWWWWWWWW
XXXXXXXXXXXXXXXXXXXXXXXXX
YYYYYYYYYYYYYYYYYYYYYYYYY
Case #27:
VVVVVVVVJGGCCCCCOOOOXXXXN
VVVVVVVVJGGCCCCCOOOOXXXXN
VVVVVVVVBGGEDDDYOOOOXXXXN
VVVVVVVVBGGEDDDYOOOOXXXXN
VVVVVVVVBGGEDDDYOOOOXXXXN
VVVVVVVVBGGEDDDYOOOOXXXXN
VVVVVVVVBGGEDDDYOOOOXXXXN
VVVVVVVVBGGEDDDYOOOOXXXXN
VVVVVVVVBGGEDDDYOOOOXXXXR
ZZZZZZZZZGGEDDDYOOOO?QQQQ
UUUUUUUUFGGEDDDYOOOO?QQQQ
UUUUUUUUFGGEDDDYOOOO?QQQQ
UUUUUUUUFGGEDDDYOOOO?QQQQ
UUUUUUUUFGGEDDDYOOOO?QQQQ
IIAAAAAWFGGEDDDYOOOO?QQQQ
IIAAAAAKKGGSDDDYOOOO?QQQQ
IIAAAAAKKGGSDDDYOOOO?QQQQ
IIAAAAAKKGGSDDDYOOOO?QQQQ
IIAAAAAKKGGSDDDYOOOO?QQQQ
IIAAAAAKKGGSDDDYOOOO?QQQQ
IIAAAAAKKGGSDDDYOOOO?QQQQ
IIAAAAAKKGGSPPMMMMMMMQQQQ
IIAAAAAKKGGSTLMMMMMMMQQQQ
IIAAAAAKKGGSHHMMMMMMMQQQQ
IIAAAAAKKGGSHHMMMMMMMQQQQ
Case #28:
AAAAAFFFFFFFFFFFFFSSSVVVV
BBCDEFFFFFFFFFFFFFSSSVVVV
BBCDEFFFFFFFFFFFFFSSSVVVV
BBCDEFFFFFFFFFFFFFSSSVVVV
BBCDEFFFFFFFFFFFFFSSSVVVV
BBCDEFFFFFFFFFFFFFSSSVVVV
BBCDGGGGGGGGGGOOOOSSSVVVV
BBCDHHHHIJKKKKOOOOSSSVVVV
BBCDHHHHIJKKKKOOOOSSSVVVV
BBCDHHHHIJKKKKOOOOSSSVVVV
BBCDHHHHIJKKKKOOOOSSSVVVV
BBCDHHHHIJLLLNOOOOSSSVVVV
BBCDHHHHIJMMMNOOOOSSSVVVV
BBCDHHHHIJMMMNOOOOSSSVVVV
BBCDHHHHIJMMMNOOOOSSSVVVV
BBCDHHHHIJPPPPPPQQSSSVVVV
BBCDHHHHIJPPPPPPQQSSSVVVV
BBCDHHHHIJPPPPPPRRSSSVVVV
BBCDHHHHIJPPPPPPRRSSSVVVV
BBTTTTTTTTTTTTTTTTTTUVVVV
BBTTTTTTTTTTTTTTTTTTUVVVV
BBTTTTTTTTTTTTTTTTTTUVVVV
BBTTTTTTTTTTTTTTTTTTUWWWY
XXXXXXXXXXXXXXXXXXXXXXXXY
XXXXXXXXXXXXXXXXXXXXXXXXY
Case #29:
AA
AA
Case #30:
AAAAAAABBBBBBBBBBBBBBBBBB
AAAAAAABBBBBBBBBBBBBBBBBB
AAAAAAABBBBBBBBBBBBBBBBBB
AAAAAAABBBBBBBBBBBBBBBBBB
AAAAAAABBBBBBBBBBBBBBBBBB
AAAAAAABBBBBBBBBBBBBBBBBB
AAAAAAABBBBBBBBBBBBBBBBBB
AAAAAAABBBBBBBBBBBBBBBBBB
AAAAAAABBBBBBBBBBBBBBBBBB
AAAAAAABBBBBBBBBBBBBBBBBB
AAAAAAABBBBBBBBBBBBBBBBBB
AAAAAAABBBBBBBBBBBBBBBBBB
AAAAAAABBBBBBBBBBBBBBBBBB
AAAAAAABBBBBBBBBBBBBBBBBB
AAAAAAABBBBBBBBBBBBBBBBBB
AAAAAAABBBBBBBBBBBBBBBBBB
AAAAAAABBBBBBBBBBBBBBBBBB
AAAAAAABBBBBBBBBBBBBBBBBB
AAAAAAABBBBBBBBBBBBBBBBBB
AAAAAAABBBBBBBBBBBBBBBBBB
AAAAAAABBBBBBBBBBBBBBBBBB
AAAAAAABBBBBBBBBBBBBBBBBB
CCCCCCCBBBBBBBBBBBBBBBBBB
CCCCCCCEDDDDDDDDDDDDDDDDD
CCCCCCCEDDDDDDDDDDDDDDDDD
Case #31:
CCYYYWHFFFVVJJJJJJJJJJJJJ
CCYYYWHFFFVVJJJJJJJJJJJJJ
CCYYYWHFFFVVJJJJJJJJJJJJJ
CCYYYWHFFFVVJJJJJJJJJJJJJ
CCYYYWRSSSVVJJJJJJJJJJJJJ
CCYYYEEEEEVVJJJJJJJJJJJJJ
UUYYYEEEEEVVKKKKKKKKKKKKK
UUYYYMQQQZVVKKKKKKKKKKKKK
UUYYYMQQQZVVKKKKKKKKKKKKK
UUTTXXQQQZVVKKKKKKKKKKKKK
UULLXXAAAAAAAAAAAAAAAAAAA
UUBBXXIIIOOOOOOOOOOOOOOOO
UUDDDDDDDOOOOOOOOOOOOOOOO
UUPPPPPNNOOOOOOOOOOOOOOOO
UUGGGGGNNOOOOOOOOOOOOOOOO
UUGGGGGNNOOOOOOOOOOOOOOOO
UUGGGGGNNOOOOOOOOOOOOOOOO
UUGGGGGNNOOOOOOOOOOOOOOOO
UUGGGGGNNOOOOOOOOOOOOOOOO
UUGGGGGNNOOOOOOOOOOOOOOOO
UUGGGGGNNOOOOOOOOOOOOOOOO
UUGGGGGNNOOOOOOOOOOOOOOOO
UUGGGGGNNOOOOOOOOOOOOOOOO
UUGGGGGNNOOOOOOOOOOOOOOOO
UUGGGGGNNOOOOOOOOOOOOOOOO
Case #32:
AAAAAAAAAAAAAAAAAAAAAAAAA
AAAAAAAAAAAAAAAAAAAAAAAAA
AAAAAAAAAAAAAAAAAAAAAAAAA
AAAAAAAAAAAAAAAAAAAAAAAAA
AAAAAAAAAAAAAAAAAAAAAAAAA
AAAAAAAAAAAAAAAAAAAAAAAAA
AAAAAAAAAAAAAAAAAAAAAAAAA
AAAAAAAAAAAAAAAAAAAAAAAAA
AAAAAAAAAAAAAAAAAAAAAAAAA
AAAAAAAAAAAAAAAAAAAAAAAAA
AAAAAAAAAAAAAAAAAAAAAAAAA
AAAAAAAAAAAAAAAAAAAAAAAAA
AAAAAAAAAAAAAAAAAAAAAAAAA
AAAAAAAAAAAAAAAAAAAAAAAAA
AAAAAAAAAAAAAAAAAAAAAAAAA
AAAAAAAAAAAAAAAAAAAAAAAAA
AAAAAAAAAAAAAAAAAAAAAAAAA
AAAAAAAAAAAAAAAAAAAAAAAAA
AAAAAAAAAAAAAAAAAAAAAAAAA
AAAAAAAAAAAAAAAAAAAAAAAAA
AAAAAAAAAAAAAAAAAAAAAAAAA
AAAAAAAAAAAAAAAAAAAAAAAAA
AAAAAAAAAAAAAAAAAAAAAAAAA
AAAAAAAAAAAAAAAAAAAAAAAAA
AAAAAAAAAAAAAAAAAAAAAAAAA
Case #33:
DCA
DCA
EFB
Case #34:
CCEAB
CCDAB
CCDAB
Case #35:
ABCDEFGHIJKLMNOPQRSTUVWXY
ABCDEFGHIJKLMNOPQRSTUVWXY
ABCDEFGHIJKLMNOPQRSTUVWXY
ABCDEFGHIJKLMNOPQRSTUVWXY
ABCDEFGHIJKLMNOPQRSTUVWXY
ABCDEFGHIJKLMNOPQRSTUVWXY
ABCDEFGHIJKLMNOPQRSTUVWXY
ABCDEFGHIJKLMNOPQRSTUVWXY
ABCDEFGHIJKLMNOPQRSTUVWXY
ABCDEFGHIJKLMNOPQRSTUVWXY
ABCDEFGHIJKLMNOPQRSTUVWXY
ABCDEFGHIJKLMNOPQRSTUVWXY
ABCDEFGHIJKLMNOPQRSTUVWXY
ABCDEFGHIJKLMNOPQRSTUVWXY
ABCDEFGHIJKLMNOPQRSTUVWXY
ABCDEFGHIJKLMNOPQRSTUVWXY
ABCDEFGHIJKLMNOPQRSTUVWXY
ABCDEFGHIJKLMNOPQRSTUVWXY
ABCDEFGHIJKLMNOPQRSTUVWXY
ABCDEFGHIJKLMNOPQRSTUVWXY
ABCDEFGHIJKLMNOPQRSTUVWXY
ABCDEFGHIJKLMNOPQRSTUVWXY
ABCDEFGHIJKLMNOPQRSTUVWXY
ABCDEFGHIJKLMNOPQRSTUVWXY
ABCDEFGHIJKLMNOPQRSTUVWXY
Case #36:
XXXXXXXXXXXXXZZDCEBBUUUUU
XXXXXXXXXXXXXZZHKKBBUUUUU
XXXXXXXXXXXXXLNTKKBBUUUUU
XXXXXXXXXXXXXYISSSSFQQQQQ
XXXXXXXXXXXXXAASSSSPQQQQQ
VVVVVVVVVVVVVVVJJWGPQQQQQ
VVVVVVVVVVVVVVVMOOGPQQQQQ
VVVVVVVVVVVVVVVMRRRRQQQQQ
VVVVVVVVVVVVVVVMRRRRQQQQQ
VVVVVVVVVVVVVVVMRRRRQQQQQ
VVVVVVVVVVVVVVVMRRRRQQQQQ
VVVVVVVVVVVVVVVMRRRRQQQQQ
VVVVVVVVVVVVVVVMRRRRQQQQQ
VVVVVVVVVVVVVVVMRRRRQQQQQ
VVVVVVVVVVVVVVVMRRRRQQQQQ
VVVVVVVVVVVVVVVMRRRRQQQQQ
VVVVVVVVVVVVVVVMRRRRQQQQQ
VVVVVVVVVVVVVVVMRRRRQQQQQ
VVVVVVVVVVVVVVVMRRRRQQQQQ
VVVVVVVVVVVVVVVMRRRRQQQQQ
VVVVVVVVVVVVVVVMRRRRQQQQQ
VVVVVVVVVVVVVVVMRRRRQQQQQ
VVVVVVVVVVVVVVVMRRRRQQQQQ
VVVVVVVVVVVVVVVMRRRRQQQQQ
VVVVVVVVVVVVVVVMRRRRQQQQQ
Case #37:
AACCCCCCCCCCCCCCCCCCJJJJG
AACCCCCCCCCCCCCCCCCCJJJJG
AACCCCCCCCCCCCCCCCCCJJJJG
BBBDEFFFFFFFFFFFFFFFJJJJG
BBBDEFFFFFFFFFFFFFFFJJJJG
BBBDEFFFFFFFFFFFFFFFJJJJG
BBBDEFFFFFFFFFFFFFFFJJJJG
BBBDEFFFFFFFFFFFFFFFJJJJG
BBBDEFFFFFFFFFFFFFFFJJJJG
BBBDEFFFFFFFFFFFFFFFJJJJG
BBBDEFFFFFFFFFFFFFFFJJJJG
BBBDEFFFFFFFFFFFFFFFJJJJG
BBBDEFFFFFFFFFFFFFFFJJJJG
BBBDEFFFFFFFFFFFFFFFJJJJG
BBBDEFFFFFFFFFFFFFFFJJJJG
BBBDEFFFFFFFFFFFFFFFJJJJG
BBBDEFFFFFFFFFFFFFFFJJJJG
BBBDEFFFFFFFFFFFFFFFJJJJG
BBBDEFFFFFFFFFFFFFFFJJJJG
BBBDEFFFFFFFFFFFFFFFJJJJG
BBBHHHHHHHHHHHHHHHHHJJJJG
BBBHHHHHHHHHHHHHHHHHJJJJI
BBBHHHHHHHHHHHHHHHHHJJJJI
BBBHHHHHHHHHHHHHHHHHJJJJI
BBBHHHHHHHHHHHHHHHHHJJJJI
Case #38:
AAAAAAAAAAAAACCCCCCCCCCCC
AAAAAAAAAAAAACCCCCCCCCCCC
AAAAAAAAAAAAACCCCCCCCCCCC
AAAAAAAAAAAAACCCCCCCCCCCC
AAAAAAAAAAAAACCCCCCCCCCCC
AAAAAAAAAAAAACCCCCCCCCCCC
AAAAAAAAAAAAACCCCCCCCCCCC
AAAAAAAAAAAAACCCCCCCCCCCC
AAAAAAAAAAAAACCCCCCCCCCCC
AAAAAAAAAAAAACCCCCCCCCCCC
AAAAAAAAAAAAACCCCCCCCCCCC
AAAAAAAAAAAAACCCCCCCCCCCC
BBBBBBBBBBBBBBDEEEEEEEEEE
BBBBBBBBBBBBBBDEEEEEEEEEE
BBBBBBBBBBBBBBDEEEEEEEEEE
BBBBBBBBBBBBBBDEEEEEEEEEE
BBBBBBBBBBBBBBDEEEEEEEEEE
BBBBBBBBBBBBBBDEEEEEEEEEE
BBBBBBBBBBBBBBDEEEEEEEEEE
BBBBBBBBBBBBBBDEEEEEEEEEE
BBBBBBBBBBBBBBDEEEEEEEEEE
BBBBBBBBBBBBBBDEEEEEEEEEE
BBBBBBBBBBBBBBDEEEEEEEEEE
BBBBBBBBBBBBBBDEEEEEEEEEE
BBBBBBBBBBBBBBDEEEEEEEEEE
Case #39:
QQQQBBBBBBBBBBBBBBBBBBBBB
QQQQBBBBBBBBBBBBBBBBBBBBB
QQQQBBBBBBBBBBBBBBBBBBBBB
QQQQBBBBBBBBBBBBBBBBBBBBB
QQQQBBBBBBBBBBBBBBBBBBBBB
QQQQBBBBBBBBBBBBBBBBBBBBB
QQQQBBBBBBBBBBBBBBBBBBBBB
QQQQBBBBBBBBBBBBBBBBBBBBB
QQQQBBBBBBBBBBBBBBBBBBBBB
QQQQBBBBBBBBBBBBBBBBBBBBB
CKAAAVUUUUUUUUUUUUUUUUUUU
CSSJGVRRRRRRRRRRRRRRRRRRR
HSSZGMFWWWWWWWWWWWWWWWWWW
XLLDEPIIIIIIIIIIIIIIIIIII
XOODEPIIIIIIIIIIIIIIIIIII
XOODNTTTTTTTTTTTTTTTTTTTT
XOOYYTTTTTTTTTTTTTTTTTTTT
XOOYYTTTTTTTTTTTTTTTTTTTT
XOOYYTTTTTTTTTTTTTTTTTTTT
XOOYYTTTTTTTTTTTTTTTTTTTT
XOOYYTTTTTTTTTTTTTTTTTTTT
XOOYYTTTTTTTTTTTTTTTTTTTT
XOOYYTTTTTTTTTTTTTTTTTTTT
XOOYYTTTTTTTTTTTTTTTTTTTT
XOOYYTTTTTTTTTTTTTTTTTTTT
Case #40:
AAAAAAAAAAAABBBBBBBBBBBBB
AAAAAAAAAAAABBBBBBBBBBBBB
AAAAAAAAAAAABBBBBBBBBBBBB
AAAAAAAAAAAABBBBBBBBBBBBB
AAAAAAAAAAAABBBBBBBBBBBBB
CCCCCCCCCCCCBBBBBBBBBBBBB
CCCCCCCCCCCCEDDDDDDDDDDDD
CCCCCCCCCCCCEDDDDDDDDDDDD
CCCCCCCCCCCCEDDDDDDDDDDDD
CCCCCCCCCCCCEDDDDDDDDDDDD
CCCCCCCCCCCCEDDDDDDDDDDDD
CCCCCCCCCCCCEDDDDDDDDDDDD
CCCCCCCCCCCCEDDDDDDDDDDDD
CCCCCCCCCCCCEDDDDDDDDDDDD
CCCCCCCCCCCCEDDDDDDDDDDDD
CCCCCCCCCCCCEDDDDDDDDDDDD
CCCCCCCCCCCCEDDDDDDDDDDDD
CCCCCCCCCCCCEDDDDDDDDDDDD
CCCCCCCCCCCCEDDDDDDDDDDDD
CCCCCCCCCCCCEDDDDDDDDDDDD
CCCCCCCCCCCCEDDDDDDDDDDDD
CCCCCCCCCCCCEDDDDDDDDDDDD
CCCCCCCCCCCCEDDDDDDDDDDDD
CCCCCCCCCCCCEDDDDDDDDDDDD
CCCCCCCCCCCCEDDDDDDDDDDDD
Case #41:
AATTTTCVVVVPNOHHQQBBBBMK
AATTTTCVVVVPNOHHQQBBBBFK
AATTTTCVVVVJNOHHQQBBBBFK
AATTTTCVVVVJNOHHQQBBBBFK
AATTTTCVVVVJNOHHQQBBBBFK
AATTTTCVVVVJNOHHQQBBBBFK
AATTTTCVVVVJNOHHQQXXXGFK
AATTTTCVVVVJNOHHQQXXXEFK
AATTTTCVVVVJNOHHQQXXXWFK
AATTTTCVVVVJNOHHQQXXXWFK
AATTTTCVVVVJNOHHQQLLLWFK
AAUUUUUVVVVJNOHHQQLLLWFK
AAUUUUUVVVVJNOHHQQLLLWFK
AAUUUUUVVVVJNOHHQQLLLWFK
AAUUUUUVVVVJNOHHQQLLLWFK
AAUUUUUVVVVJNOIIQQLLLWFK
AAUUUUUVVVVJNOIIQQRRRWFK
AAYYYYYVVVVJNOIIQQDDDWFK
AASSSSSVVVVJNOIIQQDDDWFK
AASSSSSVVVVJNOIIQQDDDWFK
AASSSSSVVVVJNOIIQQDDDWFK
AASSSSSVVVVJNOIIQQDDDWFK
AASSSSSVVVVJNOIIQQDDDWFK
AASSSSSVVVVJNOIIQQDDDWFK
AASSSSSVVVVJNOIIQQDDDWFK
Case #42:
CA
BB
Case #43:
A
Case #44:
DDDDDDDDDDDDDDDDDOOOGGGGG
DDDDDDDDDDDDDDDDDOOOGGGGG
DDDDDDDDDDDDDDDDDOOOGGGGG
DDDDDDDDDDDDDDDDDOOOGGGGG
DDDDDDDDDDDDDDDDDOOOGGGGG
DDDDDDDDDDDDDDDDDOOOZRJEE
DDDDDDDDDDDDDDDDDOOOZRJEE
DDDDDDDDDDDDDDDDDOOOAIJEE
DDDDDDDDDDDDDDDDDCBBBVJEE
HHHHHHHHHHHHHHHHYYYYFVLPP
QQQQQQQQQQQQQQQQQQQQXXSKK
QQQQQQQQQQQQQQQQQQQQUWTKK
QQQQQQQQQQQQQQQQQQQQNNNKK
MMMMMMMMMMMMMMMMMMMMMMMMM
MMMMMMMMMMMMMMMMMMMMMMMMM
MMMMMMMMMMMMMMMMMMMMMMMMM
MMMMMMMMMMMMMMMMMMMMMMMMM
MMMMMMMMMMMMMMMMMMMMMMMMM
MMMMMMMMMMMMMMMMMMMMMMMMM
MMMMMMMMMMMMMMMMMMMMMMMMM
MMMMMMMMMMMMMMMMMMMMMMMMM
MMMMMMMMMMMMMMMMMMMMMMMMM
MMMMMMMMMMMMMMMMMMMMMMMMM
MMMMMMMMMMMMMMMMMMMMMMMMM
MMMMMMMMMMMMMMMMMMMMMMMMM
Case #45:
AAAAAAAAAAAAAAAAAAAAAAAAA
BBBBBBBBBBBBBBBBBBBBBBBBB
CCCCCCCCCCCCCCCCCCCCCCCCC
DDDDDDDDDDDDDDDDDDDDDDDDD
EEEEEEEEEEEEEEEEEEEEEEEEE
FFFFFFFFFFFFFFFFFFFFFFFFF
GGGGGGGGGGGGGGGGGGGGGGGGG
HHHHHHHHHHHHHHHHHHHHHHHHH
IIIIIIIIIIIIIIIIIIIIIIIII
JJJJJJJJJJJJJJJJJJJJJJJJJ
KKKKKKKKKKKKKKKKKKKKKKKKK
LLLLLLLLLLLLLLLLLLLLLLLLL
MMMMMMMMMMMMMMMMMMMMMMMMM
NNNNNNNNNNNNNNNNNNNNNNNNN
OOOOOOOOOOOOOOOOOOOOOOOOO
PPPPPPPPPPPPPPPPPPPPPPPPP
QQQQQQQQQQQQQQQQQQQQQQQQQ
RRRRRRRRRRRRRRRRRRRRRRRRR
SSSSSSSSSSSSSSSSSSSSSSSSS
TTTTTTTTTTTTTTTTTTTTTTTTT
UUUUUUUUUUUUUUUUUUUUUUUUU
VVVVVVVVVVVVVVVVVVVVVVVVV
WWWWWWWWWWWWWWWWWWWWWWWWW
XXXXXXXXXXXXXXXXXXXXXXXXX
YYYYYYYYYYYYYYYYYYYYYYYYY
Case #46:
ABCDEFGHIJKLMNOPQRSTUVWXY
ABCDEFGHIJKLMNOPQRSTUVWXY
ABCDEFGHIJKLMNOPQRSTUVWXY
ABCDEFGHIJKLMNOPQRSTUVWXY
ABCDEFGHIJKLMNOPQRSTUVWXY
ABCDEFGHIJKLMNOPQRSTUVWXY
ABCDEFGHIJKLMNOPQRSTUVWXY
ABCDEFGHIJKLMNOPQRSTUVWXY
ABCDEFGHIJKLMNOPQRSTUVWXY
ABCDEFGHIJKLMNOPQRSTUVWXY
ABCDEFGHIJKLMNOPQRSTUVWXY
ABCDEFGHIJKLMNOPQRSTUVWXY
ABCDEFGHIJKLMNOPQRSTUVWXY
ABCDEFGHIJKLMNOPQRSTUVWXY
ABCDEFGHIJKLMNOPQRSTUVWXY
ABCDEFGHIJKLMNOPQRSTUVWXY
ABCDEFGHIJKLMNOPQRSTUVWXY
ABCDEFGHIJKLMNOPQRSTUVWXY
ABCDEFGHIJKLMNOPQRSTUVWXY
ABCDEFGHIJKLMNOPQRSTUVWXY
ABCDEFGHIJKLMNOPQRSTUVWXY
ABCDEFGHIJKLMNOPQRSTUVWXY
ABCDEFGHIJKLMNOPQRSTUVWXY
ABCDEFGHIJKLMNOPQRSTUVWXY
ABCDEFGHIJKLMNOPQRSTUVWXY
Case #47:
A
B
Case #48:
FFFFFFUUUWDDDDDDDDDDDDDDD
FFFFFFUUUWDDDDDDDDDDDDDDD
FFFFFFUUUWDDDDDDDDDDDDDDD
FFFFFFUUUWDDDDDDDDDDDDDDD
FFFFFFUUUWDDDDDDDDDDDDDDD
FFFFFFUUUWDDDDDDDDDDDDDDD
FFFFFFUUUWDDDDDDDDDDDDDDD
FFFFFFUUUWDDDDDDDDDDDDDDD
FFFFFFUUUWDDDDDDDDDDDDDDD
FFFFFFUUUWDDDDDDDDDDDDDDD
FFFFFFUUUWDDDDDDDDDDDDDDD
FFFFFFUUUWDDDDDDDDDDDDDDD
FFFFFFUUUWDDDDDDDDDDDDDDD
FFFFFFUUUWDDDDDDDDDDDDDDD
FFFFFFUUUWDDDDDDDDDDDDDDD
FFFFFFNVSWDDDDDDDDDDDDDDD
FFFFFFNVSWDDDDDDDDDDDDDDD
FFFFFFXVYWGOOOOOOOOOOOOOO
LLLBBHXEYWGOOOOOOOOOOOOOO
AAAAQPXMICTOOOOOOOOOOOOOO
AAAAQKXMRJJOOOOOOOOOOOOOO
AAAAQKXZZJJOOOOOOOOOOOOOO
AAAAQKXZZJJOOOOOOOOOOOOOO
AAAAQKXZZJJOOOOOOOOOOOOOO
AAAAQKXZZJJOOOOOOOOOOOOOO
Case #49:
ECCB
ACCB
ADDB
Case #50:
AAAAAAAAAAAAAAAAAAAACCCCC
BBBBBBBBBBBBBBBBBBBBBDEEE
BBBBBBBBBBBBBBBBBBBBBDEEE
BBBBBBBBBBBBBBBBBBBBBDEEE
BBBBBBBBBBBBBBBBBBBBBDEEE
BBBBBBBBBBBBBBBBBBBBBDEEE
BBBBBBBBBBBBBBBBBBBBBDEEE
BBBBBBBBBBBBBBBBBBBBBDEEE
BBBBBBBBBBBBBBBBBBBBBDEEE
BBBBBBBBBBBBBBBBBBBBBDEEE
BBBBBBBBBBBBBBBBBBBBBDEEE
BBBBBBBBBBBBBBBBBBBBBDEEE
BBBBBBBBBBBBBBBBBBBBBDEEE
BBBBBBBBBBBBBBBBBBBBBDEEE
BBBBBBBBBBBBBBBBBBBBBDEEE
BBBBBBBBBBBBBBBBBBBBBDEEE
BBBBBBBBBBBBBBBBBBBBBDEEE
BBBBBBBBBBBBBBBBBBBBBDEEE
BBBBBBBBBBBBBBBBBBBBBDEEE
BBBBBBBBBBBBBBBBBBBBBDEEE
BBBBBBBBBBBBBBBBBBBBBDEEE
BBBBBBBBBBBBBBBBBBBBBDEEE
BBBBBBBBBBBBBBBBBBBBBDEEE
BBBBBBBBBBBBBBBBBBBBBDEEE
BBBBBBBBBBBBBBBBBBBBBDEEE
Case #51:
FFDWWWTRAAASSSSSSSSSSSSSS
LLUQHHTRAAASSSSSSSSSSSSSS
XXXQVMKBBJJSSSSSSSSSSSSSS
XXXQVCOOOOOOOOOOOOOOOOOOO
XXXIVGOOOOOOOOOOOOOOOOOOO
XXXZYEOOOOOOOOOOOOOOOOOOO
XXXZYPOOOOOOOOOOOOOOOOOOO
XXXNNNOOOOOOOOOOOOOOOOOOO
XXXNNNOOOOOOOOOOOOOOOOOOO
XXXNNNOOOOOOOOOOOOOOOOOOO
XXXNNNOOOOOOOOOOOOOOOOOOO
XXXNNNOOOOOOOOOOOOOOOOOOO
XXXNNNOOOOOOOOOOOOOOOOOOO
XXXNNNOOOOOOOOOOOOOOOOOOO
XXXNNNOOOOOOOOOOOOOOOOOOO
XXXNNNOOOOOOOOOOOOOOOOOOO
XXXNNNOOOOOOOOOOOOOOOOOOO
XXXNNNOOOOOOOOOOOOOOOOOOO
XXXNNNOOOOOOOOOOOOOOOOOOO
XXXNNNOOOOOOOOOOOOOOOOOOO
XXXNNNOOOOOOOOOOOOOOOOOOO
XXXNNNOOOOOOOOOOOOOOOOOOO
XXXNNNOOOOOOOOOOOOOOOOOOO
XXXNNNOOOOOOOOOOOOOOOOOOO
XXXNNNOOOOOOOOOOOOOOOOOOO
Case #52:
HHHHHH
EIIOOO
GAMOOO
KFDOOO
LNCCCC
BJJJJJ
Case #53:
AAAAAAAAAAAAACCCCCCCCCCCC
BBBBBBBBBBBBBBDEEEEEEEEEE
BBBBBBBBBBBBBBDEEEEEEEEEE
BBBBBBBBBBBBBBDEEEEEEEEEE
BBBBBBBBBBBBBBDEEEEEEEEEE
BBBBBBBBBBBBBBDEEEEEEEEEE
BBBBBBBBBBBBBBDEEEEEEEEEE
BBBBBBBBBBBBBBDEEEEEEEEEE
BBBBBBBBBBBBBBDEEEEEEEEEE
BBBBBBBBBBBBBBDEEEEEEEEEE
BBBBBBBBBBBBBBDEEEEEEEEEE
BBBBBBBBBBBBBBDEEEEEEEEEE
BBBBBBBBBBBBBBDEEEEEEEEEE
BBBBBBBBBBBBBBDEEEEEEEEEE
BBBBBBBBBBBBBBDEEEEEEEEEE
BBBBBBBBBBBBBBDEEEEEEEEEE
BBBBBBBBBBBBBBDEEEEEEEEEE
BBBBBBBBBBBBBBDEEEEEEEEEE
BBBBBBBBBBBBBBDEEEEEEEEEE
BBBBBBBBBBBBBBDEEEEEEEEEE
BBBBBBBBBBBBBBDEEEEEEEEEE
BBBBBBBBBBBBBBDEEEEEEEEEE
BBBBBBBBBBBBBBDEEEEEEEEEE
BBBBBBBBBBBBBBDEEEEEEEEEE
BBBBBBBBBBBBBBDEEEEEEEEEE
Case #54:
CZ
NJ
NK
NK
NI
NE
QE
QU
BU
BT
XX
WM
VV
OL
GA
YA
YA
YA
YA
YF
DD
SS
SS
RP
HH
Case #55:
G
G
G
M
D
E
I
H
H
H
H
F
J
C
B
K
K
A
L
L
L
L
L
L
L
Case #56:
VFZZZZAAAAAXXXXXXXXXXXGGW
VFZZZZAAAAAXXXXXXXXXXXGGW
VFZZZZAAAAAXXXXXXXXXXXGGW
VFZZZZAAAAAXXXXXXXXXXXGGW
VFZZZZAAAAAXXXXXXXXXXXNRW
VFZZZZAAAAAXXXXXXXXXXXNRW
VFZZZZAAAAAXXXXXXXXXXXNLW
VFZZZZUUUUSXXXXXXXXXXXBBW
VFZZZZUUUUSXXXXXXXXXXXBBW
VFZZZZUUUUYYYHHPOOOOOOBBW
VFZZZZDDDDYYYHHPOOOOOOBBW
VFZZZZDDDDYYYHHPOOOOOOBBW
IIZZZZDDDDYYYHHPOOOOOOBBW
IIZZZZDDDDYYYHHJJJJJJJBBW
IIZZZZDDDDYYYHHJJJJJJJBBW
IIZZZZDDDDYYYCCJJJJJJJBBW
IIZZZZDDDDYYYCCJJJJJJJBBW
IIZZZZDDDDYYYCCJJJJJJJBBW
IIZZZZEEEMMMMCCJJJJJJJBBW
IIZZZZEEEMMMMCCJJJJJJJBBW
KKKKKKTTTMMMMCCJJJJJJJBBW
KKKKKKQQQMMMMCCJJJJJJJBBW
KKKKKKQQQMMMMCCJJJJJJJBBW
KKKKKKQQQMMMMCCJJJJJJJBBW
KKKKKKQQQMMMMCCJJJJJJJBBW
Case #57:
XUKKZJJJJQGGGGSSSSSPAAAAA
XUKKZNDDDQGGGGSSSSSPAAAAA
XUKKZNDDDQGGGGSSSSSPAAAAA
XUKKZNDDDQGGGGSSSSSPAAAAA
XUKKZNDDDQGGGGSSSSSPAAAAA
XUKKZNDDDQGGGGSSSSSPAAAAA
XUKKZRRRMQIOOOOOOEEEAAAAA
XUKKZRRRMQIOOOOOOHHHHHHHH
XUKKZRRRMQIOOOOOOHHHHHHHH
XUKKZRRRMQIOOOOOOHHHHHHHH
XUKKZRRRMQIOOOOOOHHHHHHHH
XUKKZRRRMQIOOOOOOFFFFFFFF
XUKKZRRRMQIOOOOOOFFFFFFFF
XUKKZRRRMQIOOOOOOFFFFFFFF
XUKKZRRRMQITTTTTTTTTTTTTT
XUWWZRRRMQICCVVVVVVVVVVVV
XUWWZYYYYQICCVVVVVVVVVVVV
XBBBBBBBBBBBBVVVVVVVVVVVV
XBBBBBBBBBBBBVVVVVVVVVVVV
XBBBBBBBBBBBBVVVVVVVVVVVV
XBBBBBBBBBBBBVVVVVVVVVVVV
XBBBBBBBBBBBBVVVVVVVVVVVV
XBBBBBBBBBBBBVVVVVVVVVVVV
XBBBBBBBBBBBBVVVVVVVVVVVV
XLLLLLLLLLLLLVVVVVVVVVVVV
Case #58:
AAAAAAAAAAAAAAAAAAAAAAAAA
BBBBBBBBBBBBBBBBBBBBBBBBB
CCCCCCCCCCCCCCCCCCCCCCCCC
DDDDDDDDDDDDDDDDDDDDDDDDD
EEEEEEEEEEEEEEEEEEEEEEEEE
FFFFFFFFFFFFFFFFFFFFFFFFF
GGGGGGGGGGGGGGGGGGGGGGGGG
HHHHHHHHHHHHHHHHHHHHHHHHH
IIIIIIIIIIIIIIIIIIIIIIIII
JJJJJJJJJJJJJJJJJJJJJJJJJ
KKKKKKKKKKKKKKKKKKKKKKKKK
LLLLLLLLLLLLLLLLLLLLLLLLL
MMMMMMMMMMMMMMMMMMMMMMMMM
NNNNNNNNNNNNNNNNNNNNNNNNN
OOOOOOOOOOOOOOOOOOOOOOOOO
PPPPPPPPPPPPPPPPPPPPPPPPP
QQQQQQQQQQQQQQQQQQQQQQQQQ
RRRRRRRRRRRRRRRRRRRRRRRRR
SSSSSSSSSSSSSSSSSSSSSSSSS
TTTTTTTTTTTTTTTTTTTTTTTTT
UUUUUUUUUUUUUUUUUUUUUUUUU
VVVVVVVVVVVVVVVVVVVVVVVVV
WWWWWWWWWWWWWWWWWWWWWWWWW
XXXXXXXXXXXXXXXXXXXXXXXXX
YYYYYYYYYYYYYYYYYYYYYYYYY
Case #59:
EEENNPYYYRHHVVOOOGGGGGGGG
XXXNNPYYYRHHVVOOOGGGGGGGG
XXXNNPYYYSSSVVOOOGGGGGGGG
XXXNNDYYYSSSVVOOOGGGGGGGG
XXXNNDYYYSSSVVOOOGGGGGGGG
XXXNNDZBBSSSQQQQQGGGGGGGG
XXXNNDZBBSSSQQQQQUKKKKKII
XXXNNDZBBSSSQQQQQUKKKKKII
XXXNNDJBBSSSQQQQQUKKKKKII
XXXNNDJBBSSSQQQQQUKKKKKFF
XXXCCDJBBSSSQQQQQWKKKKKFF
XXXCCDJBBSSSQQQQQWKKKKKFF
XXXCCDJBBSSSQQQQQWKKKKKFF
XXXCCDJBBSSSQQQQQAAAAAAAA
XXXCCDJBBSSSQQQQQAAAAAAAA
XXXCCDJBBSSSQQQQQAAAAAAAA
XXXCCDJBBSSSQQQQQAAAAAAAA
XXXCCDJBBSSSQQQQQAAAAAAAA
XXXCCDJBBSSSQQQQQAAAAAAAA
XXXCCDJBBSSSQQQQQAAAAAAAA
XXXCCDJBBSSSMMMMMAAAAAAAA
XXXCCDJBBSSSMMMMMAAAAAAAA
XXXTTTTTTSSSMMMMMAAAAAAAA
XXXTTTTTTLLLMMMMMAAAAAAAA
XXXTTTTTTLLLMMMMMAAAAAAAA
Case #60:
AAAAAACCCCCCCCCCCJJJJGGGG
AAAAAACCCCCCCCCCCJJJJGGGG
AAAAAACCCCCCCCCCCJJJJGGGG
AAAAAACCCCCCCCCCCJJJJGGGG
BBBBBBBDEFFFFFFFFJJJJGGGG
BBBBBBBDEFFFFFFFFJJJJGGGG
BBBBBBBDEFFFFFFFFJJJJGGGG
BBBBBBBDEFFFFFFFFJJJJGGGG
BBBBBBBDEFFFFFFFFJJJJGGGG
BBBBBBBDEFFFFFFFFJJJJGGGG
BBBBBBBDEFFFFFFFFJJJJGGGG
BBBBBBBDEFFFFFFFFJJJJGGGG
BBBBBBBDEFFFFFFFFJJJJGGGG
BBBBBBBDEFFFFFFFFJJJJGGGG
BBBBBBBHHHHHHHHHHJJJJGGGG
BBBBBBBHHHHHHHHHHJJJJIIII
BBBBBBBHHHHHHHHHHJJJJIIII
BBBBBBBHHHHHHHHHHJJJJIIII
BBBBBBBHHHHHHHHHHJJJJIIII
BBBBBBBHHHHHHHHHHJJJJIIII
BBBBBBBHHHHHHHHHHJJJJIIII
BBBBBBBHHHHHHHHHHJJJJIIII
BBBBBBBHHHHHHHHHHJJJJIIII
BBBBBBBHHHHHHHHHHJJJJIIII
BBBBBBBHHHHHHHHHHJJJJIIII
Case #61:
AAAABBBBBBBBBBBBBBBBBBBJJ
AAAABBBBBBBBBBBBBBBBBBBJJ
CCCCBBBBBBBBBBBBBBBBBBBJJ
CCCCEDDDDFFFFFFFFFFFFFHJJ
CCCCEDDDDFFFFFFFFFFFFFHJJ
CCCCEDDDDFFFFFFFFFFFFFHJJ
CCCCEDDDDFFFFFFFFFFFFFHJJ
CCCCEDDDDFFFFFFFFFFFFFHJJ
CCCCEDDDDFFFFFFFFFFFFFHJJ
CCCCEDDDDFFFFFFFFFFFFFHJJ
CCCCEDDDDFFFFFFFFFFFFFHJJ
CCCCEDDDDFFFFFFFFFFFFFHJJ
CCCCEDDDDFFFFFFFFFFFFFHJJ
CCCCEDDDDFFFFFFFFFFFFFHJJ
CCCCEDDDDFFFFFFFFFFFFFHJJ
CCCCEDDDDFFFFFFFFFFFFFHJJ
CCCCEDDDDFFFFFFFFFFFFFHJJ
CCCCGGGGGGGGGGGGGGGGGGHJJ
CCCCGGGGGGGGGGGGGGGGGGHJJ
CCCCGGGGGGGGGGGGGGGGGGHJJ
CCCCGGGGGGGGGGGGGGGGGGHJJ
CCCCGGGGGGGGGGGGGGGGGGHII
CCCCGGGGGGGGGGGGGGGGGGHII
CCCCGGGGGGGGGGGGGGGGGGHII
CCCCGGGGGGGGGGGGGGGGGGHII
Case #62:
YYEBLAOOOOOOSSSSSSSSSSSSS
YYEBLAOOOOOOSSSSSSSSSSSSS
YYEBLAOOOOOOSSSSSSSSSSSSS
YYEBLAOOOOOOSSSSSSSSSSSSS
YYEBLAOOOOOOSSSSSSSSSSSSS
YYEBLAOOOOOOSSSSSSSSSSSSS
YYEBLAOOOOOOSSSSSSSSSSSSS
YYEBLAOOOOOOSSSSSSSSSSSSS
YYEBLAOOOOOOSSSSSSSSSSSSS
YYEBLAOOOOOOSSSSSSSSSSSSS
YYEBLAOOOOOOSSSSSSSSSSSSS
YYEBLAOOOOOOSSSSSSSSSSSSS
YYEBLAOOOOOOSSSSSSSSSSSSS
YYEBLAOOOOOOSSSSSSSSSSSSS
YYEBLAOOOOOOSSSSSSSSSSSSS
YYEBLAHHHHHHSSSSSSSSSSSSS
YYEBXXXXXXXXSSSSSSSSSSSSS
YYEBQQPGGGGGSSSSSSSSSSSSS
YYEBQQPTDRUUSSSSSSSSSSSSS
YYKBCCMTDRUUSSSSSSSSSSSSS
YYKVVVNNDWWWSSSSSSSSSSSSS
YYKVVVZZDWWWSSSSSSSSSSSSS
YYKVVV?JDWWWSSSSSSSSSSSSS
YYKVVV?JDWWWSSSSSSSSSSSSS
FFFFFFFJIWWWSSSSSSSSSSSSS
Case #63:
DDDDDDDDDOCXXXXXXVVUUUUUU
DDDDDDDDDOCXXXXXXVVUUUUUU
DDDDDDDDDOKXXXXXXVVUUUUUU
DDDDDDDDDOKXXXXXXVVUUUUUU
IIIIIIIPPOKXXXXXXVVUUUUUU
IIIIIIIZZZKXXXXXXVVNWWWTE
IIIIIIIZZZKXXXXXXVVNWWWTE
IIIIIIIZZZKXXXXXXVVNWWWSE
IIIIIIIZZZKXXXXXXVVNWWWSE
IIIIIIIZZZKXXXXXXVVNWWWSE
JJJJJJJJJJKXXXXXXVVNWWWSE
JJJJJJJJJJKXXXXXXVVNWWWSE
JJJJJJJJJJKXXXXXXVVNWWWSE
LLLLLRQQQQQQQFFFFVVNWWWSE
LLLLLRQQQQQQQFFFFVVNWWWSE
LLLLLBBBBGHHHFFFFVVNWWWSE
AAAAABBBBGHHHFFFFVVNWWWSE
AAAAABBBBGHHHFFFFVVNWWWSE
AAAAABBBBGHHHFFFFVVNWWWSE
AAAAABBBBGHHHFFFFVVNWWWSE
AAAAABBBBGHHHFFFFVVNWWWSE
AAAAAYYYYYYYYFFFFVVNWWWSE
AAAAAMMMMMMMMFFFFVVNWWWSE
AAAAAMMMMMMMMFFFFVVNWWWSE
AAAAAMMMMMMMMFFFFVVNWWWSE
Case #64:
AACCCCCCCCCCCCJJJJGGGGGGG
AACCCCCCCCCCCCJJJJGGGGGGG
AACCCCCCCCCCCCJJJJGGGGGGG
AACCCCCCCCCCCCJJJJGGGGGGG
AACCCCCCCCCCCCJJJJGGGGGGG
AACCCCCCCCCCCCJJJJGGGGGGG
AACCCCCCCCCCCCJJJJGGGGGGG
BBBEEFFFFFFFFFJJJJGGGGGGG
BBBDDFFFFFFFFFJJJJGGGGGGG
BBBDDFFFFFFFFFJJJJGGGGGGG
BBBDDFFFFFFFFFJJJJGGGGGGG
BBBDDFFFFFFFFFJJJJGGGGGGG
BBBDDFFFFFFFFFJJJJGGGGGGG
BBBDDFFFFFFFFFJJJJGGGGGGG
BBBDDFFFFFFFFFJJJJGGGGGGG
BBBDDFFFFFFFFFJJJJGGGGGGG
BBBHHHHHHHHHHHJJJJGGGGGGG
BBBHHHHHHHHHHHJJJJIIIIIII
BBBHHHHHHHHHHHJJJJIIIIIII
BBBHHHHHHHHHHHJJJJIIIIIII
BBBHHHHHHHHHHHJJJJIIIIIII
BBBHHHHHHHHHHHJJJJIIIIIII
BBBHHHHHHHHHHHJJJJIIIIIII
BBBHHHHHHHHHHHJJJJIIIIIII
BBBHHHHHHHHHHHJJJJIIIIIII
Case #65:
AAAA
AAAA
AAAA
AAAA
AAAA
AAAA
Case #66:
AAA
BBB
BBB
BBB
BBB
Case #67:
BA
Case #68:
ABCDEFGHIJKLMNOPQRSTUVWXY
ABCDEFGHIJKLMNOPQRSTUVWXY
ABCDEFGHIJKLMNOPQRSTUVWXY
ABCDEFGHIJKLMNOPQRSTUVWXY
ABCDEFGHIJKLMNOPQRSTUVWXY
ABCDEFGHIJKLMNOPQRSTUVWXY
ABCDEFGHIJKLMNOPQRSTUVWXY
ABCDEFGHIJKLMNOPQRSTUVWXY
ABCDEFGHIJKLMNOPQRSTUVWXY
ABCDEFGHIJKLMNOPQRSTUVWXY
ABCDEFGHIJKLMNOPQRSTUVWXY
ABCDEFGHIJKLMNOPQRSTUVWXY
ABCDEFGHIJKLMNOPQRSTUVWXY
ABCDEFGHIJKLMNOPQRSTUVWXY
ABCDEFGHIJKLMNOPQRSTUVWXY
ABCDEFGHIJKLMNOPQRSTUVWXY
ABCDEFGHIJKLMNOPQRSTUVWXY
ABCDEFGHIJKLMNOPQRSTUVWXY
ABCDEFGHIJKLMNOPQRSTUVWXY
ABCDEFGHIJKLMNOPQRSTUVWXY
ABCDEFGHIJKLMNOPQRSTUVWXY
ABCDEFGHIJKLMNOPQRSTUVWXY
ABCDEFGHIJKLMNOPQRSTUVWXY
ABCDEFGHIJKLMNOPQRSTUVWXY
ABCDEFGHIJKLMNOPQRSTUVWXY
Case #69:
AABBBBBBBBBBBBBBBBBBBBBBB
AABBBBBBBBBBBBBBBBBBBBBBB
AABBBBBBBBBBBBBBBBBBBBBBB
AABBBBBBBBBBBBBBBBBBBBBBB
CCBBBBBBBBBBBBBBBBBBBBBBB
CCEDDDDDDDDDDDDDDDDDDDDDD
CCEDDDDDDDDDDDDDDDDDDDDDD
CCEDDDDDDDDDDDDDDDDDDDDDD
CCEDDDDDDDDDDDDDDDDDDDDDD
CCEDDDDDDDDDDDDDDDDDDDDDD
CCEDDDDDDDDDDDDDDDDDDDDDD
CCEDDDDDDDDDDDDDDDDDDDDDD
CCEDDDDDDDDDDDDDDDDDDDDDD
CCEDDDDDDDDDDDDDDDDDDDDDD
CCEDDDDDDDDDDDDDDDDDDDDDD
CCEDDDDDDDDDDDDDDDDDDDDDD
CCEDDDDDDDDDDDDDDDDDDDDDD
CCEDDDDDDDDDDDDDDDDDDDDDD
CCEDDDDDDDDDDDDDDDDDDDDDD
CCEDDDDDDDDDDDDDDDDDDDDDD
CCEDDDDDDDDDDDDDDDDDDDDDD
CCEDDDDDDDDDDDDDDDDDDDDDD
CCEDDDDDDDDDDDDDDDDDDDDDD
CCEDDDDDDDDDDDDDDDDDDDDDD
CCEDDDDDDDDDDDDDDDDDDDDDD
Case #70:
ZONNNGQQVVVVVVVVKEHHPDDLC
ZXXXXBRFWMUUUYAAAAITSJJJJ
Case #71:
WWWWWWWWRMMLZZZVVVVVVJAAA
WWWWWWWWBBQQZZZVVVVVVJAAA
WWWWWWWWBBQQZZZVVVVVVJAAA
WWWWWWWWBBQQZZZVVVVVVJAAA
WWWWWWWWBBQQZZZVVVVVVJAAA
WWWWWWWWBBQQZZZVVVVVVJAAA
WWWWWWWWBBKKZZZVVVVVVJAAA
WWWWWWWWXXX?ZZZVVVVVVJAAA
WWWWWWWWXXXOOONVVVVVVJAAA
SSSSSSSSXXXOOONGGGGGGGAAA
SSSSSSSSXXXOOONGGGGGGGAAA
PHHHHHHHXXXOOONGGGGGGGFFF
PHHHHHHHXXXOOOTTTTTTTTTTT
PHHHHHHHXXXOOOTTTTTTTTTTT
PHHHHHHHXXXIIITTTTTTTTTTT
PHHHHHHHXXXIIITTTTTTTTTTT
DDDCEEEEXXXUUUUUUUUUUUUUU
DDDCEEEEXXXUUUUUUUUUUUUUU
DDDCEEEEXXXUUUUUUUUUUUUUU
DDDCEEEEXXXUUUUUUUUUUUUUU
DDDCEEEEXXXUUUUUUUUUUUUUU
DDDCEEEEXXXUUUUUUUUUUUUUU
DDDCEEEEXXXUUUUUUUUUUUUUU
DDDYYYYYYYYYYYYYYYYYYYYYY
DDDYYYYYYYYYYYYYYYYYYYYYY
Case #72:
AAAAAAAAAAAAAAAAAAAAAAAAA
BBBBBBBBBBBBBBBBBBBBBBBBB
CCCCCCCCCCCCCCCCCCCCCCCCC
DDDDDDDDDDDDDDDDDDDDDDDDD
EEEEEEEEEEEEEEEEEEEEEEEEE
FFFFFFFFFFFFFFFFFFFFFFFFF
GGGGGGGGGGGGGGGGGGGGGGGGG
HHHHHHHHHHHHHHHHHHHHHHHHH
IIIIIIIIIIIIIIIIIIIIIIIII
JJJJJJJJJJJJJJJJJJJJJJJJJ
KKKKKKKKKKKKKKKKKKKKKKKKK
LLLLLLLLLLLLLLLLLLLLLLLLL
MMMMMMMMMMMMMMMMMMMMMMMMM
NNNNNNNNNNNNNNNNNNNNNNNNN
OOOOOOOOOOOOOOOOOOOOOOOOO
PPPPPPPPPPPPPPPPPPPPPPPPP
QQQQQQQQQQQQQQQQQQQQQQQQQ
RRRRRRRRRRRRRRRRRRRRRRRRR
SSSSSSSSSSSSSSSSSSSSSSSSS
TTTTTTTTTTTTTTTTTTTTTTTTT
UUUUUUUUUUUUUUUUUUUUUUUUU
VVVVVVVVVVVVVVVVVVVVVVVVV
WWWWWWWWWWWWWWWWWWWWWWWWW
XXXXXXXXXXXXXXXXXXXXXXXXX
YYYYYYYYYYYYYYYYYYYYYYYYY
Case #73:
CBB
AAA
AAA
AAA
Case #74:
ABBBBBBBBBBBBBBBBBBBBJJJJ
ABBBBBBBBBBBBBBBBBBBBJJJJ
ABBBBBBBBBBBBBBBBBBBBJJJJ
CBBBBBBBBBBBBBBBBBBBBJJJJ
CEDDDDFFFFFFFFFFFFFFHJJJJ
CEDDDDFFFFFFFFFFFFFFHJJJJ
CEDDDDFFFFFFFFFFFFFFHJJJJ
CEDDDDFFFFFFFFFFFFFFHJJJJ
CEDDDDFFFFFFFFFFFFFFHJJJJ
CEDDDDFFFFFFFFFFFFFFHJJJJ
CEDDDDFFFFFFFFFFFFFFHJJJJ
CEDDDDFFFFFFFFFFFFFFHJJJJ
CEDDDDFFFFFFFFFFFFFFHJJJJ
CEDDDDFFFFFFFFFFFFFFHJJJJ
CEDDDDFFFFFFFFFFFFFFHJJJJ
CEDDDDFFFFFFFFFFFFFFHJJJJ
CEDDDDFFFFFFFFFFFFFFHJJJJ
CEDDDDFFFFFFFFFFFFFFHJJJJ
CEDDDDFFFFFFFFFFFFFFHJJJJ
CEDDDDFFFFFFFFFFFFFFHJJJJ
CGGGGGGGGGGGGGGGGGGGHJJJJ
CGGGGGGGGGGGGGGGGGGGHJJJJ
CGGGGGGGGGGGGGGGGGGGHJJJJ
CGGGGGGGGGGGGGGGGGGGHJJJJ
CGGGGGGGGGGGGGGGGGGGHIIII
Case #75:
AAAAACCCCCCCCCCCCCCCCCCCC
AAAAACCCCCCCCCCCCCCCCCCCC
AAAAACCCCCCCCCCCCCCCCCCCC
AAAAACCCCCCCCCCCCCCCCCCCC
AAAAACCCCCCCCCCCCCCCCCCCC
BBBBBBDEEEEEEEEEEEEEEEEEE
BBBBBBDEEEEEEEEEEEEEEEEEE
BBBBBBDEEEEEEEEEEEEEEEEEE
BBBBBBDEEEEEEEEEEEEEEEEEE
BBBBBBDEEEEEEEEEEEEEEEEEE
BBBBBBDEEEEEEEEEEEEEEEEEE
BBBBBBDEEEEEEEEEEEEEEEEEE
BBBBBBDEEEEEEEEEEEEEEEEEE
BBBBBBDEEEEEEEEEEEEEEEEEE
BBBBBBDEEEEEEEEEEEEEEEEEE
BBBBBBDEEEEEEEEEEEEEEEEEE
BBBBBBDEEEEEEEEEEEEEEEEEE
BBBBBBDEEEEEEEEEEEEEEEEEE
BBBBBBDEEEEEEEEEEEEEEEEEE
BBBBBBDEEEEEEEEEEEEEEEEEE
BBBBBBDEEEEEEEEEEEEEEEEEE
BBBBBBDEEEEEEEEEEEEEEEEEE
BBBBBBDEEEEEEEEEEEEEEEEEE
BBBBBBDEEEEEEEEEEEEEEEEEE
BBBBBBDEEEEEEEEEEEEEEEEEE
Case #76:
AAABBBBBBBBBBBBBBBJJJJJJJ
AAABBBBBBBBBBBBBBBJJJJJJJ
CCCBBBBBBBBBBBBBBBJJJJJJJ
CCCEDDDDFFFFFFFFFHJJJJJJJ
CCCEDDDDFFFFFFFFFHJJJJJJJ
CCCEDDDDFFFFFFFFFHJJJJJJJ
CCCEDDDDFFFFFFFFFHJJJJJJJ
CCCEDDDDFFFFFFFFFHJJJJJJJ
CCCEDDDDFFFFFFFFFHJJJJJJJ
CCCEDDDDFFFFFFFFFHJJJJJJJ
CCCEDDDDFFFFFFFFFHJJJJJJJ
CCCEDDDDFFFFFFFFFHJJJJJJJ
CCCEDDDDFFFFFFFFFHJJJJJJJ
CCCEDDDDFFFFFFFFFHJJJJJJJ
CCCEDDDDFFFFFFFFFHJJJJJJJ
CCCEDDDDFFFFFFFFFHJJJJJJJ
CCCGGGGGGGGGGGGGGHJJJJJJJ
CCCGGGGGGGGGGGGGGHJJJJJJJ
CCCGGGGGGGGGGGGGGHJJJJJJJ
CCCGGGGGGGGGGGGGGHJJJJJJJ
CCCGGGGGGGGGGGGGGHIIIIIII
CCCGGGGGGGGGGGGGGHIIIIIII
CCCGGGGGGGGGGGGGGHIIIIIII
CCCGGGGGGGGGGGGGGHIIIIIII
CCCGGGGGGGGGGGGGGHIIIIIII
Case #77:
OLXXXXXXXVVVHAAAAAAAAWWWW
OLXXXXXXXVVVHAAAAAAAAWWWW
OLXXXXXXXVVVHAAAAAAAAWWWW
ONNZZBBBBVVVHAAAAAAAAWWWW
ONNZZBBBBVVVHAAAAAAAAWWWW
OPPZZBBBBVVVHAAAAAAAA?QQQ
OPPZZBBBBVVVYYYYYYYCCCQQQ
OPPZZBBBBVVVYYYYYYYCCCIIK
OPPZZBBBBVVVYYYYYYYCCCEEK
OPPZZBBBBVVVYYYYYYYCCCEEK
OPPZZBBBBVVVYYYYYYYCCCEEK
OPPZZBBBBVVVYYYYYYYRMMMMK
OPPZZUUUUVVVYYYYYYYRMMMMK
OFFZZ?JJJJJJJJJJJG?RMMMMK
OFFZZ?JJJJJJJJJJJG?RMMMMK
OFFZZ?JJJJJJJJJJJGTTMMMMK
OFFZZ?JJJJJJJJJJJGSSMMMMK
OFFZZ?JJJJJJJJJJJGSSMMMMK
OFFZZ?JJJJJJJJJJJGSSMMMMK
DDDDDDJJJJJJJJJJJGSSMMMMK
DDDDDDJJJJJJJJJJJGSSMMMMK
DDDDDDJJJJJJJJJJJGSSMMMMK
DDDDDDJJJJJJJJJJJGSSMMMMK
DDDDDDJJJJJJJJJJJGSSMMMMK
DDDDDDJJJJJJJJJJJGSSMMMMK
Case #78:
VVVVVVVVVVVVVVVRNNFKUDDDD
VVVVVVVVVVVVVVVRNNFKUDDDD
VVVVVVVVVVVVVVVRNNFKUDDDD
VVVVVVVVVVVVVVVRNNFKUDDDD
VVVVVVVVVVVVVVVRNNFKUDDDD
VVVVVVVVVVVVVVVJNNOKCDDDD
SSSSSSSSSSSSSEEJNNOKCXXXI
SSSSSSSSSSSSSAAJPPOQCXXXI
SSSSSSSSSSSSSAAHBBOQCXXXI
SSSSSSSSSSSSSAAWBBOQLXXXI
SSSSSSSSSSSSSAATTTOGGXXXI
SSSSSSSSSSSSSAATTTOGGZMMM
SSSSSSSSSSSSSAATTTOGGZYYY
SSSSSSSSSSSSSAATTTOGGZYYY
SSSSSSSSSSSSSAATTTOGGZYYY
SSSSSSSSSSSSSAATTTOGGZYYY
SSSSSSSSSSSSSAATTTOGGZYYY
SSSSSSSSSSSSSAATTTOGGZYYY
SSSSSSSSSSSSSAATTTOGGZYYY
SSSSSSSSSSSSSAATTTOGGZYYY
SSSSSSSSSSSSSAATTTOGGZYYY
SSSSSSSSSSSSSAATTTOGGZYYY
SSSSSSSSSSSSSAATTTOGGZYYY
SSSSSSSSSSSSSAATTTOGGZYYY
SSSSSSSSSSSSSAATTTOGGZYYY
Case #79:
LLLLVVVVVVVVVKPAWZZHHHHHH
FFFFFFFFFFFFXXXAWZZHHHHHH
DDDDJSSSSUUCXXXAWZZHHHHHH
DDDDJSSSSUUNXXXAWZZHHHHHH
MMMMJSSSSYEQXXXAWZZHHHHHH
MMMMJSSSSYGQXXXAWZZHHHHHH
TTTTTTTTTYGQXXXOOOOOOOOOO
BBBBBBBBBBBQXXXOOOOOOOOOO
BBBBBBBBBBBQXXXOOOOOOOOOO
IIIIIIIIIIIQXXXOOOOOOOOOO
RRRRRRRRRRRQXXXOOOOOOOOOO
RRRRRRRRRRRQXXXOOOOOOOOOO
RRRRRRRRRRRQXXXOOOOOOOOOO
RRRRRRRRRRRQXXXOOOOOOOOOO
RRRRRRRRRRRQXXXOOOOOOOOOO
RRRRRRRRRRRQXXXOOOOOOOOOO
RRRRRRRRRRRQXXXOOOOOOOOOO
RRRRRRRRRRRQXXXOOOOOOOOOO
RRRRRRRRRRRQXXXOOOOOOOOOO
RRRRRRRRRRRQXXXOOOOOOOOOO
RRRRRRRRRRRQXXXOOOOOOOOOO
RRRRRRRRRRRQXXXOOOOOOOOOO
RRRRRRRRRRRQXXXOOOOOOOOOO
RRRRRRRRRRRQXXXOOOOOOOOOO
RRRRRRRRRRRQXXXOOOOOOOOOO
Case #80:
A
A
Case #81:
AAAAAAAAAAAAAAAAAAAAAAAAA
BBBBBBBBBBBBBBBBBBBBBBBBB
CCCCCCCCCCCCCCCCCCCCCCCCC
DDDDDDDDDDDDDDDDDDDDDDDDD
EEEEEEEEEEEEEEEEEEEEEEEEE
FFFFFFFFFFFFFFFFFFFFFFFFF
GGGGGGGGGGGGGGGGGGGGGGGGG
HHHHHHHHHHHHHHHHHHHHHHHHH
IIIIIIIIIIIIIIIIIIIIIIIII
JJJJJJJJJJJJJJJJJJJJJJJJJ
KKKKKKKKKKKKKKKKKKKKKKKKK
LLLLLLLLLLLLLLLLLLLLLLLLL
MMMMMMMMMMMMMMMMMMMMMMMMM
NNNNNNNNNNNNNNNNNNNNNNNNN
OOOOOOOOOOOOOOOOOOOOOOOOO
PPPPPPPPPPPPPPPPPPPPPPPPP
QQQQQQQQQQQQQQQQQQQQQQQQQ
RRRRRRRRRRRRRRRRRRRRRRRRR
SSSSSSSSSSSSSSSSSSSSSSSSS
TTTTTTTTTTTTTTTTTTTTTTTTT
UUUUUUUUUUUUUUUUUUUUUUUUU
VVVVVVVVVVVVVVVVVVVVVVVVV
WWWWWWWWWWWWWWWWWWWWWWWWW
XXXXXXXXXXXXXXXXXXXXXXXXX
YYYYYYYYYYYYYYYYYYYYYYYYY
Case #82:
ABCDEFGHIJKLMNOPQRSTUVWXY
ABCDEFGHIJKLMNOPQRSTUVWXY
ABCDEFGHIJKLMNOPQRSTUVWXY
ABCDEFGHIJKLMNOPQRSTUVWXY
ABCDEFGHIJKLMNOPQRSTUVWXY
ABCDEFGHIJKLMNOPQRSTUVWXY
ABCDEFGHIJKLMNOPQRSTUVWXY
ABCDEFGHIJKLMNOPQRSTUVWXY
ABCDEFGHIJKLMNOPQRSTUVWXY
ABCDEFGHIJKLMNOPQRSTUVWXY
ABCDEFGHIJKLMNOPQRSTUVWXY
ABCDEFGHIJKLMNOPQRSTUVWXY
ABCDEFGHIJKLMNOPQRSTUVWXY
ABCDEFGHIJKLMNOPQRSTUVWXY
ABCDEFGHIJKLMNOPQRSTUVWXY
ABCDEFGHIJKLMNOPQRSTUVWXY
ABCDEFGHIJKLMNOPQRSTUVWXY
ABCDEFGHIJKLMNOPQRSTUVWXY
ABCDEFGHIJKLMNOPQRSTUVWXY
ABCDEFGHIJKLMNOPQRSTUVWXY
ABCDEFGHIJKLMNOPQRSTUVWXY
ABCDEFGHIJKLMNOPQRSTUVWXY
ABCDEFGHIJKLMNOPQRSTUVWXY
ABCDEFGHIJKLMNOPQRSTUVWXY
ABCDEFGHIJKLMNOPQRSTUVWXY
Case #83:
OOCHZZZBBNNNNNNNNYYAAEEEE
OOCHZZZBBNNNNNNNNYYAAEEEE
OOCHZZZBBRRRRDDXFYYAAEEEE
OOCHZZZBBVVVVDDXFYYAAEEEE
OOCHZZZBBVVVVDDXFYYAAEEEE
OOCHZZZBBVVVVDDXSSSAAEEEE
OOCHZZZBBVVVVDDXSSSAAEEEE
OOCIZZZBBVVVVDDXSSSAAEEEE
OOJJZZZBBVVVVDDXSSSAAEEEE
OOJJZZZBBVVVVDDXSSSAAEEEE
OOJJZZZBBVVVVDDXSSSAAEEEE
OOJJZZZBBVVVVDDXSSSAAEEEE
OOJJZZZBBVVVVDDXSSSAAEEEE
OOJJZZZBBVVVVDDXSSSAAEEEE
OOJJZZZBBVVVVDDXSSSAAEEEE
OOJJZZZWWVVVVDDXUUUAAEEEE
OOJJZZZWWVVVVDDXKKMAAEEEE
OOGGGGGG?VVVVDDXKKMAAEEEE
OOGGGGGGQQQQPDDXKKMAAEEEE
OOGGGGGGQQQQPDDXKKMAAEEEE
OOGGGGGGQQQQPDDXKKMAAEEEE
OOGGGGGGQQQQPDDXKKMAAEEEE
OOTTTTTTQQQQPDDXKKMAAEEEE
OOTTTTTTQQQQPDDXKKMAAEEEE
OOLLLLLLQQQQPDDXKKMAAEEEE
Case #84:
QQQQC
MHPRK
GAAOB
IENJS
DLUTF
Case #85:
AAAAAAAAAAAAAAAAAAAAAAAAA
BBBBBBBBBBBBBBBBBBBBBBBBB
CCCCCCCCCCCCCCCCCCCCCCCCC
DDDDDDDDDDDDDDDDDDDDDDDDD
EEEEEEEEEEEEEEEEEEEEEEEEE
FFFFFFFFFFFFFFFFFFFFFFFFF
GGGGGGGGGGGGGGGGGGGGGGGGG
HHHHHHHHHHHHHHHHHHHHHHHHH
IIIIIIIIIIIIIIIIIIIIIIIII
JJJJJJJJJJJJJJJJJJJJJJJJJ
KKKKKKKKKKKKKKKKKKKKKKKKK
LLLLLLLLLLLLLLLLLLLLLLLLL
MMMMMMMMMMMMMMMMMMMMMMMMM
NNNNNNNNNNNNNNNNNNNNNNNNN
OOOOOOOOOOOOOOOOOOOOOOOOO
PPPPPPPPPPPPPPPPPPPPPPPPP
QQQQQQQQQQQQQQQQQQQQQQQQQ
RRRRRRRRRRRRRRRRRRRRRRRRR
SSSSSSSSSSSSSSSSSSSSSSSSS
TTTTTTTTTTTTTTTTTTTTTTTTT
UUUUUUUUUUUUUUUUUUUUUUUUU
VVVVVVVVVVVVVVVVVVVVVVVVV
WWWWWWWWWWWWWWWWWWWWWWWWW
XXXXXXXXXXXXXXXXXXXXXXXXX
YYYYYYYYYYYYYYYYYYYYYYYYY
Case #86:
JJJJJJJJXXXXXNMMSSBBETKKK
JJJJJJJJXXXXXNMMSSBBETKKK
JJJJJJJJXXXXXNMMSSBBETKKK
JJJJJJJJXXXXXNMMSSBBEAAAA
JJJJJJJJXXXXXNMMSSBBEAAAA
JJJJJJJJXXXXXNMMSSBBEAAAA
JJJJJJJJXXXXXNMMSSBBEAAAA
JJJJJJJJXXXXXNMMSSBBEAAAA
JJJJJJJJXXXXXNRUSSBBEAAAA
JJJJJJJJXXXXXNQQSSBBEAAAA
JJJJJJJJXXXXXNQQSSBBEAAAA
JJJJJJJJXXXXXNQQSSBBEAAAA
JJJJJJJJXXXXXNQQSSBBGGDPP
JJJJJJJJXXXXXVVVVOOOOODPP
JJJJJJJJXXXXXVVVVOOOOODPP
ZZZZZZZZXXXXXVVVVOOOOODPP
CCCCCWWWXXXXXVVVVOOOOODPP
CCCCCWWWXXXXXVVVVOOOOODPP
CCCCCWWWXXXXXVVVVIIIILDPP
CCCCCWWWXXXXXVVVVIIIILDPP
FHHHHHHHXXXXXVVVVIIIILDPP
FHHHHHHHXXXXXVVVVIIIILDPP
FHHHHHHHXXXXXYYYYYYYYYYYY
FHHHHHHHXXXXXYYYYYYYYYYYY
FHHHHHHHXXXXXYYYYYYYYYYYY
Case #87:
WWWWWWWWWWWWWWWWWDDDQJNVV
WWWWWWWWWWWWWWWWWDDDQJNVV
WWWWWWWWWWWWWWWWWDDDQJNVV
WWWWWWWWWWWWWWWWWDDDQJNVV
WWWWWWWWWWWWWWWWWDDDQJNVV
WWWWWWWWWWWWWWWWWDDDQJNVV
WWWWWWWWWWWWWWWWWDDDQJNVV
WWWWWWWWWWWWWWWWWDDDQJNVV
WWWWWWWWWWWWWWWWWDDDQJNVV
WWWWWWWWWWWWWWWWWDDDQJNVV
WWWWWWWWWWWWWWWWWDDDQJNVV
WWWWWWWWWWWWWWWWWDDDQJNVV
WWWWWWWWWWWWWWWWWDDDQJNVV
WWWWWWWWWWWWWWWWWDDDQJNVV
WWWWWWWWWWWWWWWWWDDDQJNVV
WWWWWWWWWWWWWWWWWDDDQTNVV
WWWWWWWWWWWWWWWWWDDDQTNVV
GGGGGGGGGGGGGGGGGDDDQTNVV
MMMMMMMMMMMMMMOOYDDDQTNVV
EEEEEEEEEEEEEEOOYDDDXTLII
AAAAAAAAAAAAAAAAYDDDXTZZZ
AAAAAAAAAAAAAAAAYDDDSTCCC
PPPPPPPPPPPPPPPRYHBBSTCCC
FFFFFFFFFFFFFFFFYKBBSTCCC
FFFFFFFFFFFFFFFFUKBBSTCCC
Case #88:
VVVVVVVVVVVVVVVVVVVVVVVVV
VVVVVVVVVVVVVVVVVVVVVVVVV
VVVVVVVVVVVVVVVVVVVVVVVVV
VVVVVVVVVVVVVVVVVVVVVVVVV
VVVVVVVVVVVVVVVVVVVVVVVVV
VVVVVVVVVVVVVVVVVVVVVVVVV
EEKKJJOOOOOOOOOORXXXXXXXX
EEKKSSOOOOOOOOOORXXXXXXXX
EEKKSSOOOOOOOOOORXXXXXXXX
EEKKSSBFFFFFFFFFFFFFFFFFF
EEKKSSQQGAAAAYYUUUUHIIIII
EEKKSSQQGAAAAYYUUUUHIIIII
EEKKSSQQGAAAANNUUUUHIIIII
EEKKSSDDDAAAANNUUUUCCTTTT
EEKKSSDDDAAAANNUUUUCCTTTT
EEKKSSDDDAAAANNUUUUCCTTTT
EEKKSSDDDAAAANNUUUUCCTTTT
EEKKSSDDDAAAANNUUUULLTTTT
EEKKSSDDDAAAAMMMMMMMMTTTT
EEKKSSDDDAAAAMMMMMMMMTTTT
EEKKSSPPPAAAAMMMMMMMMTTTT
EEKKSSPPPAAAAMMMMMMMMTTTT
EEKKSSPPPAAAAMMMMMMMMWWWW
EEKKSSPPPAAAAMMMMMMMMWWWW
Case #89:
AABBBBBBBBBBBBBBBBBBBBJJJ
AABBBBBBBBBBBBBBBBBBBBJJJ
AABBBBBBBBBBBBBBBBBBBBJJJ
CCBBBBBBBBBBBBBBBBBBBBJJJ
CCEDDDDFFFFFFFFFFFFFFHJJJ
CCEDDDDFFFFFFFFFFFFFFHJJJ
CCEDDDDFFFFFFFFFFFFFFHJJJ
CCEDDDDFFFFFFFFFFFFFFHJJJ
CCEDDDDFFFFFFFFFFFFFFHJJJ
CCEDDDDFFFFFFFFFFFFFFHJJJ
CCEDDDDFFFFFFFFFFFFFFHJJJ
CCEDDDDFFFFFFFFFFFFFFHJJJ
CCEDDDDFFFFFFFFFFFFFFHJJJ
CCEDDDDFFFFFFFFFFFFFFHJJJ
CCGGGGGGGGGGGGGGGGGGGHJJJ
CCGGGGGGGGGGGGGGGGGGGHJJJ
CCGGGGGGGGGGGGGGGGGGGHJJJ
CCGGGGGGGGGGGGGGGGGGGHJJJ
CCGGGGGGGGGGGGGGGGGGGHIII
CCGGGGGGGGGGGGGGGGGGGHIII
CCGGGGGGGGGGGGGGGGGGGHIII
CCGGGGGGGGGGGGGGGGGGGHIII
CCGGGGGGGGGGGGGGGGGGGHIII
CCGGGGGGGGGGGGGGGGGGGHIII
CCGGGGGGGGGGGGGGGGGGGHIII
Case #90:
AALEH
AALEH
AALEH
AALEH
AADFH
AACBG
JJJIK
Case #91:
LLLXXXXXQQQQZZZAAAAAAMOOV
WWWXXXXXQQQQZZZAAAAAAMOOV
WWWXXXXXQQQQZZZAAAAAAMOOV
WWWRCCUHQQQQZZZAAAAAAMOOV
WWWRCCUJQQQQZZZAAAAAAMOOV
WWWRCCUJQQQQZZZAAAAAAMOOV
WWWRCCUJQQQQZZZAAAAAAMOOV
WWWFFFUJQQQQZZZAAAAAAMOOV
WWWFFFUJQQQQZZZAAAAAAMOOV
WWWFFFUJQQQQIGGAAAAAAEEEV
WWWFFFUJQQQQIGGAAAAAAEEEV
WWWFFFUJQQQQIGGAAAAAAEEEV
WWWFFFUJQQQQIGGAAAAAAEEEV
WWWFFFUJQQQQTTTTTKDDDDDPV
WWWFFFUJQQQQTTTTTKDDDDDPV
WWWFFFUJQQQQTTTTTKDDDDDYV
WWWFFFNJQQQQTTTTTKDDDDDYV
WWWFFFNJQQQQTTTTTKDDDDDYV
WWWFFFNJQQQQTTTTTKDDDDDYV
WWWFFFNJQQQQTTTTTKSSSSSYV
WWWFFFNJQQQQTTTTTKSSSSSYV
WWWFFFNJQQQQTTTTTKSSSSSYV
WWWFFFBBQQQQTTTTTKSSSSSYV
WWWFFFBBQQQQTTTTTKSSSSSYV
WWWFFFBBQQQQTTTTTKSSSSSYV
Case #92:
AABBCDDDEFFFGGHHIVJWKXLMM
ZNOOOPQQQRSSSTTUUVJWKXYYY
ZNOOOPQQQRSSSTTUUVJWKXYYY
ZNOOOPQQQRSSSTTUUVJWKXYYY
ZNOOOPQQQRSSSTTUUVJWKXYYY
ZNOOOPQQQRSSSTTUUVJWKXYYY
ZNOOOPQQQRSSSTTUUVJWKXYYY
ZNOOOPQQQRSSSTTUUVJWKXYYY
ZNOOOPQQQRSSSTTUUVJWKXYYY
ZNOOOPQQQRSSSTTUUVJWKXYYY
ZNOOOPQQQRSSSTTUUVJWKXYYY
ZNOOOPQQQRSSSTTUUVJWKXYYY
ZNOOOPQQQRSSSTTUUVJWKXYYY
ZNOOOPQQQRSSSTTUUVJWKXYYY
ZNOOOPQQQRSSSTTUUVJWKXYYY
ZNOOOPQQQRSSSTTUUVJWKXYYY
ZNOOOPQQQRSSSTTUUVJWKXYYY
ZNOOOPQQQRSSSTTUUVJWKXYYY
ZNOOOPQQQRSSSTTUUVJWKXYYY
ZNOOOPQQQRSSSTTUUVJWKXYYY
ZNOOOPQQQRSSSTTUUVJWKXYYY
ZNOOOPQQQRSSSTTUUVJWKXYYY
ZNOOOPQQQRSSSTTUUVJWKXYYY
ZNOOOPQQQRSSSTTUUVJWKXYYY
ZNOOOPQQQRSSSTTUUVJWKXYYY
Case #93:
AAAAAACCCCCCCCCCCJJJJGGGG
AAAAAACCCCCCCCCCCJJJJGGGG
AAAAAACCCCCCCCCCCJJJJGGGG
AAAAAACCCCCCCCCCCJJJJGGGG
BBBBBBBDEFFFFFFFFJJJJGGGG
BBBBBBBDEFFFFFFFFJJJJGGGG
BBBBBBBDEFFFFFFFFJJJJGGGG
BBBBBBBDEFFFFFFFFJJJJGGGG
BBBBBBBDEFFFFFFFFJJJJGGGG
BBBBBBBDEFFFFFFFFJJJJGGGG
BBBBBBBDEFFFFFFFFJJJJGGGG
BBBBBBBDEFFFFFFFFJJJJGGGG
BBBBBBBDEFFFFFFFFJJJJGGGG
BBBBBBBDEFFFFFFFFJJJJGGGG
BBBBBBBDEFFFFFFFFJJJJGGGG
BBBBBBBDEFFFFFFFFJJJJGGGG
BBBBBBBDEFFFFFFFFJJJJGGGG
BBBBBBBHHHHHHHHHHJJJJGGGG
BBBBBBBHHHHHHHHHHJJJJIIII
BBBBBBBHHHHHHHHHHJJJJIIII
BBBBBBBHHHHHHHHHHJJJJIIII
BBBBBBBHHHHHHHHHHJJJJIIII
BBBBBBBHHHHHHHHHHJJJJIIII
BBBBBBBHHHHHHHHHHJJJJIIII
BBBBBBBHHHHHHHHHHJJJJIIII
Case #94:
AAAAAAABBBBBBBBBBBBBBJJJJ
CCCCCCCBBBBBBBBBBBBBBJJJJ
CCCCCCCEDDDDFFFFFFFFHJJJJ
CCCCCCCEDDDDFFFFFFFFHJJJJ
CCCCCCCEDDDDFFFFFFFFHJJJJ
CCCCCCCEDDDDFFFFFFFFHJJJJ
CCCCCCCEDDDDFFFFFFFFHJJJJ
CCCCCCCEDDDDFFFFFFFFHJJJJ
CCCCCCCEDDDDFFFFFFFFHJJJJ
CCCCCCCEDDDDFFFFFFFFHJJJJ
CCCCCCCEDDDDFFFFFFFFHJJJJ
CCCCCCCEDDDDFFFFFFFFHJJJJ
CCCCCCCEDDDDFFFFFFFFHJJJJ
CCCCCCCGGGGGGGGGGGGGHJJJJ
CCCCCCCGGGGGGGGGGGGGHJJJJ
CCCCCCCGGGGGGGGGGGGGHJJJJ
CCCCCCCGGGGGGGGGGGGGHJJJJ
CCCCCCCGGGGGGGGGGGGGHIIII
CCCCCCCGGGGGGGGGGGGGHIIII
CCCCCCCGGGGGGGGGGGGGHIIII
CCCCCCCGGGGGGGGGGGGGHIIII
CCCCCCCGGGGGGGGGGGGGHIIII
CCCCCCCGGGGGGGGGGGGGHIIII
CCCCCCCGGGGGGGGGGGGGHIIII
CCCCCCCGGGGGGGGGGGGGHIIII
Case #95:
ESQQQDDOOOOOOOOOOOOOOOOOO
ESQQQDDOOOOOOOOOOOOOOOOOO
ESQQQDDOOOOOOOOOOOOOOOOOO
ESQQQDDOOOOOOOOOOOOOOOOOO
ESQQQDDOOOOOOOOOOOOOOOOOO
ESQQQDDOOOOOOOOOOOOOOOOOO
ESQQQDDOOOOOOOOOOOOOOOOOO
ESQQQDDOOOOOOOOOOOOOOOOOO
ESQQQDDOOOOOOOOOOOOOOOOOO
ESQQQDDOOOOOOOOOOOOOOOOOO
ESQQQDDOOOOOOOOOOOOOOOOOO
ESQQQDDOOOOOOOOOOOOOOOOOO
ESQQQDDOOOOOOOOOOOOOOOOOO
ESQQQDDOOOOOOOOOOOOOOOOOO
ESQQQDDOOOOOOOOOOOOOOOOOO
ESQQQDDOOOOOOOOOOOOOOOOOO
ESQQQDDOOOOOOOOOOOOOOOOOO
ESQQQDDOOOOOOOOOOOOOOOOOO
ESJJKDDOOOOOOOOOOOOOOOOOO
EGNNKDDOOOOOOOOOOOOOOOOOO
UUUAADDOOOOOOOOOOOOOOOOOO
XXXAADDOOOOOOOOOOOOOOOOOO
XXXITDDOOOOOOOOOOOOOOOOOO
WCBPYYYMMMMMMMMMMMMMMMMMM
VVFHHHRZZLLLLLLLLLLLLLLLL
Case #96:
AAAAAAAAAAAAAAAAAABBBBBBB
AAAAAAAAAAAAAAAAAABBBBBBB
AAAAAAAAAAAAAAAAAABBBBBBB
CCCCCCCCCCCCCCCCCCBBBBBBB
CCCCCCCCCCCCCCCCCCEDDDDDD
CCCCCCCCCCCCCCCCCCEDDDDDD
CCCCCCCCCCCCCCCCCCEDDDDDD
CCCCCCCCCCCCCCCCCCEDDDDDD
CCCCCCCCCCCCCCCCCCEDDDDDD
CCCCCCCCCCCCCCCCCCEDDDDDD
CCCCCCCCCCCCCCCCCCEDDDDDD
CCCCCCCCCCCCCCCCCCEDDDDDD
CCCCCCCCCCCCCCCCCCEDDDDDD
CCCCCCCCCCCCCCCCCCEDDDDDD
CCCCCCCCCCCCCCCCCCEDDDDDD
CCCCCCCCCCCCCCCCCCEDDDDDD
CCCCCCCCCCCCCCCCCCEDDDDDD
CCCCCCCCCCCCCCCCCCEDDDDDD
CCCCCCCCCCCCCCCCCCEDDDDDD
CCCCCCCCCCCCCCCCCCEDDDDDD
CCCCCCCCCCCCCCCCCCEDDDDDD
CCCCCCCCCCCCCCCCCCEDDDDDD
CCCCCCCCCCCCCCCCCCEDDDDDD
CCCCCCCCCCCCCCCCCCEDDDDDD
CCCCCCCCCCCCCCCCCCEDDDDDD
Case #97:
ABCDEFGHIJKLMNOPQRSTUVWXY
ABCDEFGHIJKLMNOPQRSTUVWXY
ABCDEFGHIJKLMNOPQRSTUVWXY
ABCDEFGHIJKLMNOPQRSTUVWXY
ABCDEFGHIJKLMNOPQRSTUVWXY
ABCDEFGHIJKLMNOPQRSTUVWXY
ABCDEFGHIJKLMNOPQRSTUVWXY
ABCDEFGHIJKLMNOPQRSTUVWXY
ABCDEFGHIJKLMNOPQRSTUVWXY
ABCDEFGHIJKLMNOPQRSTUVWXY
ABCDEFGHIJKLMNOPQRSTUVWXY
ABCDEFGHIJKLMNOPQRSTUVWXY
ABCDEFGHIJKLMNOPQRSTUVWXY
ABCDEFGHIJKLMNOPQRSTUVWXY
ABCDEFGHIJKLMNOPQRSTUVWXY
ABCDEFGHIJKLMNOPQRSTUVWXY
ABCDEFGHIJKLMNOPQRSTUVWXY
ABCDEFGHIJKLMNOPQRSTUVWXY
ABCDEFGHIJKLMNOPQRSTUVWXY
ABCDEFGHIJKLMNOPQRSTUVWXY
ABCDEFGHIJKLMNOPQRSTUVWXY
ABCDEFGHIJKLMNOPQRSTUVWXY
ABCDEFGHIJKLMNOPQRSTUVWXY
ABCDEFGHIJKLMNOPQRSTUVWXY
ABCDEFGHIJKLMNOPQRSTUVWXY
Case #98:
DDCC
DDEB
AAAB
AAAB
Case #99:
AACCCCCCCCCCCCCCCCCCCCCCC
AACCCCCCCCCCCCCCCCCCCCCCC
AACCCCCCCCCCCCCCCCCCCCCCC
AACCCCCCCCCCCCCCCCCCCCCCC
AACCCCCCCCCCCCCCCCCCCCCCC
AACCCCCCCCCCCCCCCCCCCCCCC
AACCCCCCCCCCCCCCCCCCCCCCC
AACCCCCCCCCCCCCCCCCCCCCCC
BBBEEEEEEEEEEEEEEEEEEEEEE
BBBDDDDDDDDDDDDDDDDDDDDDD
BBBDDDDDDDDDDDDDDDDDDDDDD
BBBDDDDDDDDDDDDDDDDDDDDDD
BBBDDDDDDDDDDDDDDDDDDDDDD
BBBDDDDDDDDDDDDDDDDDDDDDD
BBBDDDDDDDDDDDDDDDDDDDDDD
BBBDDDDDDDDDDDDDDDDDDDDDD
BBBDDDDDDDDDDDDDDDDDDDDDD
BBBDDDDDDDDDDDDDDDDDDDDDD
BBBDDDDDDDDDDDDDDDDDDDDDD
BBBDDDDDDDDDDDDDDDDDDDDDD
BBBDDDDDDDDDDDDDDDDDDDDDD
BBBDDDDDDDDDDDDDDDDDDDDDD
BBBDDDDDDDDDDDDDDDDDDDDDD
BBBDDDDDDDDDDDDDDDDDDDDDD
BBBDDDDDDDDDDDDDDDDDDDDDD
Case #100:
OOOOONGGRKAAAAAAAAAAAAAAA
OOOOONGGRKAAAAAAAAAAAAAAA
OOOOONGGRKAAAAAAAAAAAAAAA
OOOOONGGRKAAAAAAAAAAAAAAA
OOOOONGGRKAAAAAAAAAAAAAAA
OOOOONGGRKAAAAAAAAAAAAAAA
OOOOONGGRKAAAAAAAAAAAAAAA
OOOOONGGRKAAAAAAAAAAAAAAA
OOOOONGGRKAAAAAAAAAAAAAAA
OOOOONGGRKAAAAAAAAAAAAAAA
OOOOONJMMKAAAAAAAAAAAAAAA
OOOOONJTQQAAAAAAAAAAAAAAA
OOOOONJWQQAAAAAAAAAAAAAAA
LLLZZNJSSYAAAAAAAAAAAAAAA
IIIZZNJSSYAAAAAAAAAAAAAAA
IIIZZNJSSYAAAAAAAAAAAAAAA
PPPZZNJXUDFFFFFFFFFFFFFFF
PPPZZNCXEEEEEEEEEEEEEEEEE
PPPZZNVXEEEEEEEEEEEEEEEEE
BBBBBBVXEEEEEEEEEEEEEEEEE
BBBBBBVXEEEEEEEEEEEEEEEEE
BBBBBBHXEEEEEEEEEEEEEEEEE
BBBBBBHXEEEEEEEEEEEEEEEEE
BBBBBBHXEEEEEEEEEEEEEEEEE
BBBBBBHXEEEEEEEEEEEEEEEEE
