Case #1:
GGG
CCC
JJJ
Case #2:
CODE
JJAM
JJAM
Case #3:
CA
KE
Case #4:
YYYYYYYYYYYYYYYYYYYMMMMMM
VVUUUKIIIIIIDDPRRTTMMMMMM
AAUUUKIIIIIIDDCRRTTMMMMMM
AAUUUKIIIIIIDDCRRTTMMMMMM
AAUUUKIIIIIIDDCHHHHMMMMMM
AAUUUKIIIIIILOCHHHHMMMMMM
AAUUUKIIIIIILOCHHHHMMMMMM
AAUUUBIIIIIILOCQQQQMMMMMM
AAUUUBIIIIIISOCQQQQMMMMMM
AAWWXBIIIIIISOCQQQQMMMMMM
ZZWWXBIIIIIISOCQQQQMMMMMM
ZZWWXBIIIIIISOCQQQQMMMMMM
ZZWWXBIIIIIISOGGGGGGGGGGG
ZZWWXBIIIIIISOGGGGGGGGGGG
ZZWWXBIIIIIISONNNNNNNNNNN
ZZWWXBIIIIIISONNNNNNNNNNN
ZZWWXBIIIIIISONNNNNNNNNNN
ZZWWXBIIIIIISONNNNNNNNNNN
ZZWWXBIIIIIIJJNNNNNNNNNNN
ZZWWXBIIIIIIJJNNNNNNNNNNN
ZZWWXBIIIIIIJJNNNNNNNNNNN
ZZWWXBIIIIIIJJNNNNNNNNNNN
ZZWWXBIIIIIIJJNNNNNNNNNNN
ZZWWFFFFFFFFJJNNNNNNNNNNN
ZZWWFFFFFFFFJJEEEEEEEEEEE
Case #5:
YYYYXZZZHHHHHHKKOVVVVVVVV
YYYYXZZZHHHHHHKKOVVVVVVVV
YYYYXZZZHHHHHHMMOVVVVVVVV
YYYYTZZZHHHHHHMMOVVVVVVVV
YYYYUZZZHHHHHHMMOVVVVVVVV
YYYYUZZZHHHHHHMMOVVVVVVVV
YYYYUZZZHHHHHHMMOVVVVVVVV
YYYYUZZZHHHHHHMMCCCCDDPPA
YYYYUZZZHHHHHHMMCCCCDDBBA
YYYYUZZZHHHHHHMMCCCCDDBBA
YYYYUZZZHHHHHHMMCCCCDDBBA
YYYYUZZZHHHHHHMMFFFFFFBBA
YYYYUZZZHHHHHHMMFFFFFFBBA
YYYYUZZZHHHHHHMMFFFFFFBBA
YYYYUZZZHHHHHHMMFFFFFFBBA
YYYYUZZZHHHHHHMMFFFFFFNNA
YYYYUIIIIIIIIIMMFFFFFFNNA
YYYYUIIIIIIIIIMMWWWSSSSSA
YYYYUIIIIIIIIIMMWWWSSSSSA
RJJJUGGGGGGGGGMMWWWSSSSSA
RJJJUGGGGGGGGGMMWWWSSSSSA
RJJJUGGGGGGGGGMMWWWSSSSSA
RJJJUGGGGGGGGGMMWWWSSSSSA
RJJJUGGGGGGGGGMMWWWSSSSSA
REEEUQLLLLLLLLMMWWWSSSSSA
Case #6:
NVVVYYWXJJJJJJJJJJJJJJJJJ
LZIICCUUUUUUUUUUUUUUUUUUU
KZIIQRFSSSSSSSSSSSSSSSSSS
AHHBBBGGGGGGGGGGGGGGGGGGG
OOOBBBGGGGGGGGGGGGGGGGGGG
PPPEEEGGGGGGGGGGGGGGGGGGG
MMMMMMMMMMMMMMMMMMMMMMMMM
TTDDDDDDDDDDDDDDDDDDDDDDD
TTDDDDDDDDDDDDDDDDDDDDDDD
TTDDDDDDDDDDDDDDDDDDDDDDD
TTDDDDDDDDDDDDDDDDDDDDDDD
TTDDDDDDDDDDDDDDDDDDDDDDD
TTDDDDDDDDDDDDDDDDDDDDDDD
TTDDDDDDDDDDDDDDDDDDDDDDD
TTDDDDDDDDDDDDDDDDDDDDDDD
TTDDDDDDDDDDDDDDDDDDDDDDD
TTDDDDDDDDDDDDDDDDDDDDDDD
TTDDDDDDDDDDDDDDDDDDDDDDD
TTDDDDDDDDDDDDDDDDDDDDDDD
TTDDDDDDDDDDDDDDDDDDDDDDD
TTDDDDDDDDDDDDDDDDDDDDDDD
TTDDDDDDDDDDDDDDDDDDDDDDD
TTDDDDDDDDDDDDDDDDDDDDDDD
TTDDDDDDDDDDDDDDDDDDDDDDD
TTDDDDDDDDDDDDDDDDDDDDDDD
Case #7:
AA
Case #8:
BBFEECMJGGLIIKAHHHHHHDDDD
Case #9:
BBBBBBBRUUUUUUUUUUUUUUUUU
BBBBBBBFFFFSSSSMMNNNWCCCC
BBBBBBBFFFFZZZQMMNNNWCCCC
BBBBBBBFFFFZZZQMMNNNWCCCC
BBBBBBBFFFFZZZQMMNNNWCCCC
BBBBBBBFFFFZZZQMMNNNWCCCC
VVVVVVEFFFFZZZQMMNNNWCCCC
XKAAALHFFFFZZZQMMNNNWCCCC
YKAAALHFFFFZZZQMMNNNWCCCC
YKAAALHFFFFZZZQMMNNNWCCCC
YKAAALHFFFFZZZQMMNNNWCCCC
YKAAALHFFFFZZZQMMNNNWCCCC
YKTTTTHFFFFZZZQMMNNNWCCCC
YKTTTTHFFFFZZZQMMNNNWCCCC
YKTTTTHFFFFZZZQMMNNNWCCCC
YKTTTTHFFFFZZZQMMNNNWCCCC
YKTTTTHFFFFZZZQMMNNNWCCCC
YKTTTTHFFFFZZZQMMNNNWCCCC
YKTTTTHFFFFZZZQMMNNNDDPPP
YJTTTTHFFFFZZZQMMNNNDDIII
YJTTTTHFFFFZZZQMMNNNDDIII
YJTTTTHFFFFZZZQMMNNNDDIII
YGGGGGHFFFFZZZQMMNNNDDIII
YGGGGGHFFFFZZZQMMNNNDDIII
YGGGGGHFFFFZZZQMMNNNDDOOO
Case #10:
CD
BA
Case #11:
HHHHHHHHHHHHHHHHHHHHHHHHH
HHHHHHHHHHHHHHHHHHHHHHHHH
HHHHHHHHHHHHHHHHHHHHHHHHH
UUUJJJZRRXMMMMMMMMMMMMMMM
UUUJJJZRRXMMMMMMMMMMMMMMM
UUUJJJZRRXMMMMMMMMMMMMMMM
UUUJJJZRRGGGGGGGGGGGGGGGG
UUUJJJZRRGGGGGGGGGGGGGGGG
UUUJJJZRRGGGGGGGGGGGGGGGG
UUUJJJBRRGGGGGGGGGGGGGGGG
UUUJJJTRRDDDDDDDDDDDNPEEE
UUUFFQTRRDDDDDDDDDDDNPEEE
UUUFFQTRRDDDDDDDDDDDNPEEE
CCCCCCTRRDDDDDDDDDDDNPEEE
CCCCCCTRRDDDDDDDDDDDNPEEE
CCCCCCTRRDDDDDDDDDDDNPEEE
CCCCCCTRRDDDDDDDDDDDNPEEE
CCCCCCTRRDDDDDDDDDDDNPEEE
YYYYIITRRDDDDDDDDDDDNPEEE
YYYYVVVRRKKKSSSSSWWWWPOOO
YYYYVVVLLKKKSSSSSAAAAPOOO
YYYYVVVLLKKKSSSSSAAAAPOOO
YYYYVVVLLKKKSSSSSAAAAPOOO
YYYYVVVLLKKKSSSSSAAAAPOOO
YYYYVVVLLKKKSSSSSAAAAPOOO
Case #12:
OMHHHHWWWLYYYYVVVVVVTTTBB
OMHHHHCCCCCCCCVVVVVVTTTBB
OMHHHHCCCCCCCCVVVVVVTTTBB
OMHHHHCCCCCCCCVVVVVVTTTBB
OMHHHHIIIQRRRRVVVVVVTTTBB
OMHHHHIIIQRRRRVVVVVVTTTBB
OMHHHHIIIQRRRRVVVVVVTTTBB
FFHHHHIIIQRRRRVVVVVVTTTBB
FFHHHHIIIQRRRRVVVVVVTTTBB
FFHHHHIIIQRRRRVVVVVVTTTBB
FFHHHHIIIQRRRRVVVVVVTTTBB
FFDDDZZEEQRRRRVVVVVVTTTBB
FFSSPZZEEQRRRRUUUUUUUUUUU
FFSSPZZEEQRRRRUUUUUUUUUUU
FFSSPZZEEGGGGGGGGGGGGGGGN
FFSSPZZEEJJJJJJJJJJJJJJJJ
FFSSPZZEEJJJJJJJJJJJJJJJJ
FFSSPZZEEJJJJJJJJJJJJJJJJ
FFSSPZZXXJJJJJJJJJJJJJJJJ
FFSSPZZXXJJJJJJJJJJJJJJJJ
FFSSPZZXXJJJJJJJJJJJJJJJJ
FFSSPZZXXJJJJJJJJJJJJJJJJ
FFSSPZZAAAAAAAAAAAAAAAAAA
FFSSPZZAAAAAAAAAAAAAAAAAA
KKSSPZZAAAAAAAAAAAAAAAAAA
Case #13:
ABCDEFGHIJKLMNOPQRSTUVWXY
ABCDEFGHIJKLMNOPQRSTUVWXY
ABCDEFGHIJKLMNOPQRSTUVWXY
ABCDEFGHIJKLMNOPQRSTUVWXY
ABCDEFGHIJKLMNOPQRSTUVWXY
ABCDEFGHIJKLMNOPQRSTUVWXY
ABCDEFGHIJKLMNOPQRSTUVWXY
ABCDEFGHIJKLMNOPQRSTUVWXY
ABCDEFGHIJKLMNOPQRSTUVWXY
ABCDEFGHIJKLMNOPQRSTUVWXY
ABCDEFGHIJKLMNOPQRSTUVWXY
ABCDEFGHIJKLMNOPQRSTUVWXY
ABCDEFGHIJKLMNOPQRSTUVWXY
ABCDEFGHIJKLMNOPQRSTUVWXY
ABCDEFGHIJKLMNOPQRSTUVWXY
ABCDEFGHIJKLMNOPQRSTUVWXY
ABCDEFGHIJKLMNOPQRSTUVWXY
ABCDEFGHIJKLMNOPQRSTUVWXY
ABCDEFGHIJKLMNOPQRSTUVWXY
ABCDEFGHIJKLMNOPQRSTUVWXY
ABCDEFGHIJKLMNOPQRSTUVWXY
ABCDEFGHIJKLMNOPQRSTUVWXY
ABCDEFGHIJKLMNOPQRSTUVWXY
ABCDEFGHIJKLMNOPQRSTUVWXY
ABCDEFGHIJKLMNOPQRSTUVWXY
Case #14:
BBBBBBIIGPPPPPPPPPPPNRRRR
BBBBBBIIGPPPPPPPPPPPNRRRR
BBBBBBIIGPPPPPPPPPPPNRRRR
BBBBBBIIGEHHZASSLYYYYRRRR
BBBBBBIIGEHHZASSLYYYYRRRR
BBBBBBIIGEHHZASSUYYYYRRRR
XXWOOOIIGCHHZASSUYYYYRRRR
FFWOOOIIGCHHZADDUYYYYRRRR
FFWOOOIIGCHHZADDUYYYYRRRR
FFWOOOIIGCHHZTDDUYYYYRRRR
FFWOOOIIGCHHZTVVVVVVVVVVV
FFWOOOIIGCHHMTVVVVVVVVVVV
FFWOOOIIGCHHMTVVVVVVVVVVV
FFWOOOIIGCHHMTVVVVVVVVVVV
FFWOOOJJJCHHMTVVVVVVVVVVV
FFWOOOJJJCHHMTVVVVVVVVVVV
FFWOOOJJJCHHMTVVVVVVVVVVV
FFWOOOJJJCHHMQVVVVVVVVVVV
FFWOOOJJJCHHMQKKKKKKKKKKK
FFWOOOJJJCHHMQKKKKKKKKKKK
FFWOOOJJJCHHMQKKKKKKKKKKK
FFWOOOJJJCHHMQKKKKKKKKKKK
FFWOOOJJJCHHMQKKKKKKKKKKK
FFWOOOJJJCHHMQKKKKKKKKKKK
FFWOOOJJJCHHMQKKKKKKKKKKK
Case #15:
GGGGGGGGGGGGGGGGGUNDDDHHH
GGGGGGGGGGGGGGGGGUNDDDHHH
GGGGGGGGGGGGGGGGGUNDDDHHH
GGGGGGGGGGGGGGGGGUNDDDHHH
GGGGGGGGGGGGGGGGGUNDDDHHH
GGGGGGGGGGGGGGGGGUNDDDHHH
GGGGGGGGGGGGGGGGGUNDDDHHH
GGGGGGGGGGGGGGGGGUNDDDHHH
GGGGGGGGGGGGGGGGGUNDDDHHH
GGGGGGGGGGGGGGGGGUNDDDHHH
GGGGGGGGGGGGGGGGGUNDDDHHH
GGGGGGGGGGGGGGGGGUNDDDHHH
GGGGGGGGGGGGGGGGGUNDDDHHH
GGGGGGGGGGGGGGGGGUNDDDHHH
GGGGGGGGGGGGGGGGGUNDDDHHH
GGGGGGGGGGGGGGGGGUNDDDHHH
GGGGGGGGGGGGGGGGGUNDDDHHH
GGGGGGGGGGGGGGGGGUNDDDHHH
GGGGGGGGGGGGGGGGGUJDDDHHH
GGGGGGGGGGGGGGGGGUJDDDHHH
RRRRRRRRRRRRRRRRRRRAYQHHH
RRRRRRRRRRRRRRRRRRRBYKHHH
FFFFFFFFFFFFFFMMOOCCSXHHH
FFFFFFFFFFFFFFMMPWCCZEHHH
VVVVVVVVVVVVVVVVIITLZEHHH
