Case #1:
GGG
CCC
JJJ
Case #2:
CODE
JJAE
JJAM
Case #3:
CA
KE
Case #4:
ACF
AIJ
EHD
EGB
Case #5:
DDC
DDF
AAE
AAB
Case #6:
ABCD
ABCD
ABCD
Case #7:
EEAA
DDAA
BBCC
Case #8:
EEDB
ACDB
ACDB
Case #9:
AABD
ECCD
EFFF
Case #10:
CCC
EAB
EFD
EFD
Case #11:
AAAA
BBBB
CCCC
Case #12:
A
Case #13:
EEE
EEE
ACC
BDD
Case #14:
EBA
DCC
FCC
FCC
Case #15:
IHG
DJB
AEL
CKF
Case #16:
AEB
CED
CED
CEF
Case #17:
BCEJ
KHGA
KDFI
Case #18:
BBA
Case #19:
FFFF
DDCE
AABE
Case #20:
GCEE
BDHA
IFKJ
Case #21:
LHEA
FKDB
GCIJ
Case #22:
AA
CB
CD
CD
EE
FF
Case #23:
AABCCF
DDEEEF
Case #24:
AAAA
BCGG
FEDD
Case #25:
EEA
EEF
BDF
BDC
Case #26:
AAAA
DDBE
DDCE
Case #27:
GGF
HAF
CBF
DEI
Case #28:
DEEE
AAAA
BCCC
Case #29:
FBC
FBC
EDC
EDA
Case #30:
FFD
BGC
EEA
EEH
Case #31:
ABCC
ABCC
ABCC
Case #32:
CBA
Case #33:
EEAA
EECC
BDDD
Case #34:
AEE
CBD
Case #35:
A
B
Case #36:
AAB
DCE
DCE
FFE
Case #37:
BB
CA
Case #38:
ADD
AFF
CBB
EEE
Case #39:
IBD
KCA
ELJ
HGF
Case #40:
AAE
DDC
BBC
FFF
Case #41:
ACC
BBD
Case #42:
AAA
Case #43:
BEE
BEE
FAD
FCD
Case #44:
BEEE
BEEE
DAAC
Case #45:
CE
CE
CE
AA
AA
BD
Case #46:
AEB
GCD
FFF
FFF
Case #47:
ACEE
ACEE
BCDF
Case #48:
ADGF
ECJK
EHBI
Case #49:
ABCD
ABCD
ABCD
Case #50:
A
A
Case #51:
CAB
FED
Case #52:
AB
Case #53:
ADE
BDE
CDE
Case #54:
BBDD
AACC
AAEE
Case #55:
BBBB
AAAA
Case #56:
CEEB
DEEB
DEEA
Case #57:
AAC
BBF
DDF
EEF
Case #58:
BCA
GHF
EED
EED
Case #59:
DDEE
CAEE
CABB
Case #60:
JHCE
BGKD
AFII
Case #61:
LDJ
BFE
KGC
AHI
Case #62:
AEC
BEF
BEF
DDD
Case #63:
CGDB
EJKA
IFHH
Case #64:
FBD
FBD
ECD
EAD
Case #65:
BA
BA
BA
BA
Case #66:
DAB
ECC
ECC
ECC
Case #67:
ABCD
ABCD
ABCD
Case #68:
AAA
AAA
Case #69:
EEED
AAAC
BBBC
Case #70:
BBA
BBA
Case #71:
FBA
CCA
EEA
DDA
Case #72:
CAB
CAB
Case #73:
A
A
B
C
C
D
D
E
E
E
F
F
Case #74:
CAAA
BEEE
DEEE
Case #75:
AA
Case #76:
EEE
CDA
CBA
CBA
Case #77:
EDC
EBA
EFF
EFF
Case #78:
CCJJ
CCJJ
CCJJ
Case #79:
AA
AA
Case #80:
CCB
EEE
EEE
AFD
Case #81:
EGC
FAB
DAB
DAB
Case #82:
AAAA
BBBB
CCCC
Case #83:
AA
BB
Case #84:
EBFC
EGAH
EGDD
Case #85:
EEE
FCC
FBD
FAD
Case #86:
DJG
KCL
FBI
HAE
Case #87:
DCCC
EEBA
EEBA
Case #88:
ABCC
EEED
EEED
Case #89:
CJDB
AFGE
AFHI
Case #90:
JHDA
JCBI
EEFG
Case #91:
DCA
DFA
DFA
DBE
Case #92:
EEAA
EECD
EECB
Case #93:
AABCCDDEEEFF
Case #94:
DBCC
DAAE
DAAE
Case #95:
CGAA
FBDD
FEEE
Case #96:
DA
BC
Case #97:
AADF
CCBG
EEEE
Case #98:
AAAA
BBBB
CCCC
Case #99:
ABC
DEE
DEE
Case #100:
EDAB
HFIJ
GGCJ
